Log file open, 12/09/20 19:46:58
LogWindows: Failed to load 'aqProf.dll' (GetLastError=126)
LogWindows: File 'aqProf.dll' does not exist
LogWindows: Failed to load 'VtuneApi.dll' (GetLastError=126)
LogWindows: File 'VtuneApi.dll' does not exist
LogWindows: Failed to load 'VtuneApi32e.dll' (GetLastError=126)
LogWindows: File 'VtuneApi32e.dll' does not exist
LogConsoleResponse: Display: Failed to find resolution value strings in scalability ini. Falling back to default.
LogInit: Display: Running engine for game: MyProject6
LogPlatformFile: Not using cached read wrapper
LogTaskGraph: Started task graph with 5 named threads and 23 total threads with 3 sets of task threads.
LogStats: Stats thread started at 0.081669
LogD3D11RHI: Loaded GFSDK_Aftermath_Lib.x64.dll
LogICUInternationalization: ICU TimeZone Detection - Raw Offset: -8:00, Platform Override: ''
LogPluginManager: Mounting plugin Paper2D
LogPluginManager: Mounting plugin AISupport
LogPluginManager: Mounting plugin LightPropagationVolume
LogPluginManager: Mounting plugin ActorLayerUtilities
LogPluginManager: Mounting plugin AnimationSharing
LogPluginManager: Mounting plugin CLionSourceCodeAccess
LogPluginManager: Mounting plugin CodeLiteSourceCodeAccess
LogPluginManager: Mounting plugin GitSourceControl
LogPluginManager: Mounting plugin KDevelopSourceCodeAccess
LogPluginManager: Mounting plugin NullSourceCodeAccess
LogPluginManager: Mounting plugin PerforceSourceControl
LogPluginManager: Mounting plugin SubversionSourceControl
LogPluginManager: Mounting plugin UObjectPlugin
LogPluginManager: Mounting plugin VisualStudioCodeSourceCodeAccess
LogPluginManager: Mounting plugin VisualStudioSourceCodeAccess
LogPluginManager: Mounting plugin XCodeSourceCodeAccess
LogPluginManager: Mounting plugin AssetManagerEditor
LogPluginManager: Mounting plugin CryptoKeys
LogPluginManager: Mounting plugin CurveEditorTools
LogPluginManager: Mounting plugin DataValidation
LogPluginManager: Mounting plugin FacialAnimation
LogPluginManager: Mounting plugin GameplayTagsEditor
LogPluginManager: Mounting plugin MacGraphicsSwitching
LogPluginManager: Mounting plugin MaterialAnalyzer
LogPluginManager: Mounting plugin MobileLauncherProfileWizard
LogPluginManager: Mounting plugin PluginBrowser
LogPluginManager: Mounting plugin SpeedTreeImporter
LogPluginManager: Mounting plugin DatasmithContent
LogPluginManager: Mounting plugin VariantManagerContent
LogPluginManager: Mounting plugin AlembicImporter
LogPluginManager: Mounting plugin AutomationUtils
LogPluginManager: Mounting plugin BackChannel
LogPluginManager: Mounting plugin CharacterAI
LogPluginManager: Mounting plugin GeometryCache
LogPluginManager: Mounting plugin HTML5Networking
LogPluginManager: Mounting plugin PlatformCrypto
LogPluginManager: Mounting plugin ProxyLODPlugin
LogPluginManager: Mounting plugin SkeletalReduction
LogPluginManager: Mounting plugin MagicLeap
LogPluginManager: Mounting plugin MagicLeapMedia
LogPluginManager: Mounting plugin AndroidMedia
LogPluginManager: Mounting plugin AvfMedia
LogPluginManager: Mounting plugin ImgMedia
LogPluginManager: Mounting plugin MediaCompositing
LogPluginManager: Mounting plugin MediaPlayerEditor
LogPluginManager: Mounting plugin WebMMedia
LogPluginManager: Mounting plugin WmfMedia
LogPluginManager: Mounting plugin TcpMessaging
LogPluginManager: Mounting plugin UdpMessaging
LogPluginManager: Mounting plugin ActorSequence
LogPluginManager: Mounting plugin LevelSequenceEditor
LogPluginManager: Mounting plugin MatineeToLevelSequence
LogPluginManager: Mounting plugin NetcodeUnitTest
LogPluginManager: Mounting plugin NUTUnrealEngine4
LogPluginManager: Mounting plugin OnlineSubsystemGooglePlay
LogPluginManager: Mounting plugin OnlineSubsystemIOS
LogPluginManager: Mounting plugin OnlineSubsystem
LogPluginManager: Mounting plugin OnlineSubsystemNull
LogPluginManager: Mounting plugin OnlineSubsystemUtils
LogPluginManager: Mounting plugin LauncherChunkInstaller
LogPluginManager: Mounting plugin AndroidDeviceProfileSelector
LogPluginManager: Mounting plugin AndroidMoviePlayer
LogPluginManager: Mounting plugin AndroidPermission
LogPluginManager: Mounting plugin AppleImageUtils
LogPluginManager: Mounting plugin AppleMoviePlayer
LogPluginManager: Mounting plugin ArchVisCharacter
LogPluginManager: Mounting plugin AudioCapture
LogPluginManager: Mounting plugin CableComponent
LogPluginManager: Mounting plugin CustomMeshComponent
LogPluginManager: Mounting plugin EditableMesh
LogPluginManager: Mounting plugin ExampleDeviceProfileSelector
LogPluginManager: Mounting plugin GoogleCloudMessaging
LogPluginManager: Mounting plugin IOSDeviceProfileSelector
LogPluginManager: Mounting plugin LinuxDeviceProfileSelector
LogPluginManager: Mounting plugin LocationServicesBPLibrary
LogPluginManager: Mounting plugin MobilePatchingUtils
LogPluginManager: Mounting plugin OculusVR
LogPluginManager: Mounting plugin PhysXVehicles
LogPluginManager: Mounting plugin ProceduralMeshComponent
LogPluginManager: Mounting plugin RuntimePhysXCooking
LogPluginManager: Mounting plugin SignificanceManager
LogPluginManager: Mounting plugin SteamVR
LogPluginManager: Mounting plugin WebMMoviePlayer
LogPluginManager: Mounting plugin WindowsMoviePlayer
LogPluginManager: Mounting plugin ScreenshotTools
LogPluginManager: Mounting plugin SRanipal
LogInit: Using libcurl 7.55.1-DEV
LogInit:  - built for x86_64-pc-win32
LogInit:  - supports SSL with OpenSSL/1.1.1
LogInit:  - supports HTTP deflate (compression) using libz 1.2.8
LogInit:  - other features:
LogInit:      CURL_VERSION_SSL
LogInit:      CURL_VERSION_LIBZ
LogInit:      CURL_VERSION_IPV6
LogInit:      CURL_VERSION_ASYNCHDNS
LogInit:      CURL_VERSION_LARGEFILE
LogInit:      CURL_VERSION_IDN
LogInit:  CurlRequestOptions (configurable via config and command line):
LogInit:  - bVerifyPeer = true  - Libcurl will verify peer certificate
LogInit:  - bUseHttpProxy = false  - Libcurl will NOT use HTTP proxy
LogInit:  - bDontReuseConnections = false  - Libcurl will reuse connections
LogInit:  - MaxHostConnections = 16  - Libcurl will limit the number of connections to a host
LogInit:  - LocalHostAddr = Default
LogInit:  - BufferSize = 65536
LogOnline: OSS: Creating online subsystem instance for: NULL
LogInit: WinSock: version 1.1 (2.2), MaxSocks=32767, MaxUdp=65467
LogInit: Build: ++UE4+Release-4.23-CL-9631420
LogInit: Engine Version: 4.23.1-9631420+++UE4+Release-4.23
LogInit: Compatible Engine Version: 4.23.0-8386587+++UE4+Release-4.23
LogInit: Net CL: 8386587
LogInit: OS: Windows 10 (Release 2004) (), CPU: Intel(R) Core(TM) i7-4770 CPU @ 3.40GHz, GPU: Radeon(TM) RX 460 Graphics
LogInit: Compiled (64-bit): Oct 18 2019 02:07:44
LogInit: Compiled with Visual C++: 19.16.27030.01
LogInit: Build Configuration: Development
LogInit: Branch Name: ++UE4+Release-4.23
LogInit: Command Line: 
LogInit: Base Directory: C:/Program Files/Epic Games/UE_4.23/Engine/Binaries/Win64/
LogInit: Installed Engine Build: 1
LogDevObjectVersion: Number of dev versions registered: 23
LogDevObjectVersion:   Dev-Blueprints (B0D832E4-1F89-4F0D-ACCF-7EB736FD4AA2): 10
LogDevObjectVersion:   Dev-Build (E1C64328-A22C-4D53-A36C-8E866417BD8C): 0
LogDevObjectVersion:   Dev-Core (375EC13C-06E4-48FB-B500-84F0262A717E): 3
LogDevObjectVersion:   Dev-Editor (E4B068ED-F494-42E9-A231-DA0B2E46BB41): 34
LogDevObjectVersion:   Dev-Framework (CFFC743F-43B0-4480-9391-14DF171D2073): 35
LogDevObjectVersion:   Dev-Mobile (B02B49B5-BB20-44E9-A304-32B752E40360): 2
LogDevObjectVersion:   Dev-Networking (A4E4105C-59A1-49B5-A7C5-40C4547EDFEE): 0
LogDevObjectVersion:   Dev-Online (39C831C9-5AE6-47DC-9A44-9C173E1C8E7C): 0
LogDevObjectVersion:   Dev-Physics (78F01B33-EBEA-4F98-B9B4-84EACCB95AA2): 0
LogDevObjectVersion:   Dev-Platform (6631380F-2D4D-43E0-8009-CF276956A95A): 0
LogDevObjectVersion:   Dev-Rendering (12F88B9F-8875-4AFC-A67C-D90C383ABD29): 31
LogDevObjectVersion:   Dev-Sequencer (7B5AE74C-D270-4C10-A958-57980B212A5A): 11
LogDevObjectVersion:   Dev-VR (D7296918-1DD6-4BDD-9DE2-64A83CC13884): 2
LogDevObjectVersion:   Dev-LoadTimes (C2A15278-BFE7-4AFE-6C17-90FF531DF755): 1
LogDevObjectVersion:   Private-Geometry (6EACA3D4-40EC-4CC1-B786-8BED09428FC5): 3
LogDevObjectVersion:   Dev-AnimPhys (29E575DD-E0A3-4627-9D10-D276232CDCEA): 17
LogDevObjectVersion:   Dev-Anim (AF43A65D-7FD3-4947-9873-3E8ED9C1BB05): 2
LogDevObjectVersion:   Dev-ReflectionCapture (6B266CEC-1EC7-4B8F-A30B-E4D90942FC07): 1
LogDevObjectVersion:   Dev-Automation (0DF73D61-A23F-47EA-B727-89E90C41499A): 1
LogDevObjectVersion:   FortniteMain (601D1886-AC64-4F84-AA16-D3DE0DEAC7D6): 27
LogDevObjectVersion:   Dev-Enterprise (9DFFBCD6-494F-0158-E221-12823C92A888): 6
LogDevObjectVersion:   Dev-Niagara (F2AED0AC-9AFE-416F-8664-AA7FFA26D6FC): 1
LogDevObjectVersion:   Dev-Destruction (174F1F0B-B4C6-45A5-B13F-2EE8D0FB917D): 9
LogInit: Presizing for max 16777216 objects, including 0 objects not considered by GC, pre-allocating 0 bytes for permanent pool.
LogInit: Object subsystem initialized
LogConfig: Setting CVar [[con.DebugEarlyDefault:1]]
LogConfig: Setting CVar [[r.setres:1280x720]]
[2020.12.10-03.46.59:206][  0]LogConfig: Setting CVar [[r.VSync:0]]
[2020.12.10-03.46.59:206][  0]LogConfig: Setting CVar [[r.RHICmdBypass:0]]
[2020.12.10-03.46.59:206][  0]LogConfig: Applying CVar settings from Section [/Script/Engine.RendererSettings] File [C:/Users/Isak/Documents/Unreal Projects/MyProject6/Saved/Config/Windows/Engine.ini]
[2020.12.10-03.46.59:206][  0]LogConfig: Setting CVar [[r.GPUCrashDebugging:0]]
[2020.12.10-03.46.59:206][  0]LogConfig: Setting CVar [[r.DefaultFeature.AmbientOcclusion:0]]
[2020.12.10-03.46.59:206][  0]LogConfig: Setting CVar [[r.DefaultFeature.AmbientOcclusionStaticFraction:0]]
[2020.12.10-03.46.59:206][  0]LogConfig: Setting CVar [[vr.InstancedStereo:1]]
[2020.12.10-03.46.59:206][  0]LogConfig: Setting CVar [[r.SeparateTranslucency:0]]
[2020.12.10-03.46.59:206][  0]LogConfig: Setting CVar [[r.HZBOcclusion:0]]
[2020.12.10-03.46.59:206][  0]LogConfig: Setting CVar [[r.SSR.MaxRoughness:0]]
[2020.12.10-03.46.59:206][  0]LogConfig: Setting CVar [[r.rhicmdbypass:0]]
[2020.12.10-03.46.59:206][  0]LogConfig: Applying CVar settings from Section [/Script/Engine.RendererOverrideSettings] File [C:/Users/Isak/Documents/Unreal Projects/MyProject6/Saved/Config/Windows/Engine.ini]
[2020.12.10-03.46.59:206][  0]LogConfig: Applying CVar settings from Section [/Script/Engine.StreamingSettings] File [C:/Users/Isak/Documents/Unreal Projects/MyProject6/Saved/Config/Windows/Engine.ini]
[2020.12.10-03.46.59:206][  0]LogConfig: Setting CVar [[s.MinBulkDataSizeForAsyncLoading:131072]]
[2020.12.10-03.46.59:206][  0]LogConfig: Setting CVar [[s.AsyncLoadingThreadEnabled:0]]
[2020.12.10-03.46.59:206][  0]LogConfig: Setting CVar [[s.EventDrivenLoaderEnabled:1]]
[2020.12.10-03.46.59:206][  0]LogConfig: Setting CVar [[s.WarnIfTimeLimitExceeded:0]]
[2020.12.10-03.46.59:206][  0]LogConfig: Setting CVar [[s.TimeLimitExceededMultiplier:1.5]]
[2020.12.10-03.46.59:206][  0]LogConfig: Setting CVar [[s.TimeLimitExceededMinTime:0.005]]
[2020.12.10-03.46.59:206][  0]LogConfig: Setting CVar [[s.UseBackgroundLevelStreaming:1]]
[2020.12.10-03.46.59:206][  0]LogConfig: Setting CVar [[s.PriorityAsyncLoadingExtraTime:15.0]]
[2020.12.10-03.46.59:206][  0]LogConfig: Setting CVar [[s.LevelStreamingActorsUpdateTimeLimit:5.0]]
[2020.12.10-03.46.59:206][  0]LogConfig: Setting CVar [[s.PriorityLevelStreamingActorsUpdateExtraTime:5.0]]
[2020.12.10-03.46.59:206][  0]LogConfig: Setting CVar [[s.LevelStreamingComponentsRegistrationGranularity:10]]
[2020.12.10-03.46.59:206][  0]LogConfig: Setting CVar [[s.UnregisterComponentsTimeLimit:1.0]]
[2020.12.10-03.46.59:206][  0]LogConfig: Setting CVar [[s.LevelStreamingComponentsUnregistrationGranularity:5]]
[2020.12.10-03.46.59:206][  0]LogConfig: Applying CVar settings from Section [/Script/Engine.GarbageCollectionSettings] File [C:/Users/Isak/Documents/Unreal Projects/MyProject6/Saved/Config/Windows/Engine.ini]
[2020.12.10-03.46.59:206][  0]LogConfig: Setting CVar [[gc.MaxObjectsNotConsideredByGC:1]]
[2020.12.10-03.46.59:206][  0]LogConfig: Setting CVar [[gc.SizeOfPermanentObjectPool:0]]
[2020.12.10-03.46.59:207][  0]LogConfig: Setting CVar [[gc.FlushStreamingOnGC:0]]
[2020.12.10-03.46.59:207][  0]LogConfig: Setting CVar [[gc.NumRetriesBeforeForcingGC:10]]
[2020.12.10-03.46.59:207][  0]LogConfig: Setting CVar [[gc.AllowParallelGC:1]]
[2020.12.10-03.46.59:207][  0]LogConfig: Setting CVar [[gc.TimeBetweenPurgingPendingKillObjects:61.1]]
[2020.12.10-03.46.59:207][  0]LogConfig: Setting CVar [[gc.MaxObjectsInEditor:16777216]]
[2020.12.10-03.46.59:207][  0]LogConfig: Setting CVar [[gc.IncrementalBeginDestroyEnabled:1]]
[2020.12.10-03.46.59:207][  0]LogConfig: Setting CVar [[gc.CreateGCClusters:1]]
[2020.12.10-03.46.59:207][  0]LogConfig: Setting CVar [[gc.MinGCClusterSize:5]]
[2020.12.10-03.46.59:207][  0]LogConfig: Setting CVar [[gc.ActorClusteringEnabled:0]]
[2020.12.10-03.46.59:207][  0]LogConfig: Setting CVar [[gc.BlueprintClusteringEnabled:0]]
[2020.12.10-03.46.59:207][  0]LogConfig: Setting CVar [[gc.UseDisregardForGCOnDedicatedServers:0]]
[2020.12.10-03.46.59:207][  0]LogConfig: Applying CVar settings from Section [/Script/Engine.NetworkSettings] File [C:/Users/Isak/Documents/Unreal Projects/MyProject6/Saved/Config/Windows/Engine.ini]
[2020.12.10-03.46.59:207][  0]LogConfig: Applying CVar settings from Section [/Script/UnrealEd.CookerSettings] File [C:/Users/Isak/Documents/Unreal Projects/MyProject6/Saved/Config/Windows/Engine.ini]
[2020.12.10-03.46.59:212][  0]LogConfig: Applying CVar settings from Section [ViewDistanceQuality@3] File [C:/Users/Isak/Documents/Unreal Projects/MyProject6/Saved/Config/Windows/Scalability.ini]
[2020.12.10-03.46.59:212][  0]LogConfig: Setting CVar [[r.SkeletalMeshLODBias:0]]
[2020.12.10-03.46.59:212][  0]LogConfig: Setting CVar [[r.ViewDistanceScale:1.0]]
[2020.12.10-03.46.59:212][  0]LogConfig: Applying CVar settings from Section [AntiAliasingQuality@3] File [C:/Users/Isak/Documents/Unreal Projects/MyProject6/Saved/Config/Windows/Scalability.ini]
[2020.12.10-03.46.59:212][  0]LogConfig: Setting CVar [[r.PostProcessAAQuality:3]]
[2020.12.10-03.46.59:212][  0]LogConfig: Applying CVar settings from Section [ShadowQuality@3] File [C:/Users/Isak/Documents/Unreal Projects/MyProject6/Saved/Config/Windows/Scalability.ini]
[2020.12.10-03.46.59:212][  0]LogConfig: Setting CVar [[r.LightFunctionQuality:1]]
[2020.12.10-03.46.59:212][  0]LogConfig: Setting CVar [[r.ShadowQuality:5]]
[2020.12.10-03.46.59:212][  0]LogConfig: Setting CVar [[r.Shadow.CSM.MaxCascades:10]]
[2020.12.10-03.46.59:212][  0]LogConfig: Setting CVar [[r.Shadow.MaxResolution:2048]]
[2020.12.10-03.46.59:212][  0]LogConfig: Setting CVar [[r.Shadow.MaxCSMResolution:2048]]
[2020.12.10-03.46.59:212][  0]LogConfig: Setting CVar [[r.Shadow.RadiusThreshold:0.01]]
[2020.12.10-03.46.59:212][  0]LogConfig: Setting CVar [[r.Shadow.DistanceScale:1.0]]
[2020.12.10-03.46.59:212][  0]LogConfig: Setting CVar [[r.Shadow.CSM.TransitionScale:1.0]]
[2020.12.10-03.46.59:212][  0]LogConfig: Setting CVar [[r.Shadow.PreShadowResolutionFactor:1.0]]
[2020.12.10-03.46.59:212][  0]LogConfig: Setting CVar [[r.DistanceFieldShadowing:1]]
[2020.12.10-03.46.59:212][  0]LogConfig: Setting CVar [[r.DistanceFieldAO:1]]
[2020.12.10-03.46.59:212][  0]LogConfig: Setting CVar [[r.AOQuality:2]]
[2020.12.10-03.46.59:212][  0]LogConfig: Setting CVar [[r.VolumetricFog:1]]
[2020.12.10-03.46.59:212][  0]LogConfig: Setting CVar [[r.VolumetricFog.GridPixelSize:8]]
[2020.12.10-03.46.59:212][  0]LogConfig: Setting CVar [[r.VolumetricFog.GridSizeZ:128]]
[2020.12.10-03.46.59:212][  0]LogConfig: Setting CVar [[r.VolumetricFog.HistoryMissSupersampleCount:4]]
[2020.12.10-03.46.59:212][  0]LogConfig: Setting CVar [[r.LightMaxDrawDistanceScale:1]]
[2020.12.10-03.46.59:212][  0]LogConfig: Setting CVar [[r.CapsuleShadows:1]]
[2020.12.10-03.46.59:212][  0]LogConfig: Applying CVar settings from Section [PostProcessQuality@3] File [C:/Users/Isak/Documents/Unreal Projects/MyProject6/Saved/Config/Windows/Scalability.ini]
[2020.12.10-03.46.59:212][  0]LogConfig: Setting CVar [[r.MotionBlurQuality:0]]
[2020.12.10-03.46.59:212][  0]LogConfig: Setting CVar [[r.AmbientOcclusionMipLevelFactor:0.4]]
[2020.12.10-03.46.59:212][  0]LogConfig: Setting CVar [[r.AmbientOcclusionMaxQuality:100]]
[2020.12.10-03.46.59:212][  0]LogConfig: Setting CVar [[r.AmbientOcclusionLevels:0]]
[2020.12.10-03.46.59:212][  0]LogConfig: Setting CVar [[r.AmbientOcclusionRadiusScale:1.0]]
[2020.12.10-03.46.59:212][  0]LogConfig: Setting CVar [[r.DepthOfFieldQuality:0]]
[2020.12.10-03.46.59:212][  0]LogConfig: Setting CVar [[r.RenderTargetPoolMin:400]]
[2020.12.10-03.46.59:212][  0]LogConfig: Setting CVar [[r.LensFlareQuality:0]]
[2020.12.10-03.46.59:212][  0]LogConfig: Setting CVar [[r.SceneColorFringeQuality:0]]
[2020.12.10-03.46.59:212][  0]LogConfig: Setting CVar [[r.EyeAdaptationQuality:2]]
[2020.12.10-03.46.59:212][  0]LogConfig: Setting CVar [[r.BloomQuality:1]]
[2020.12.10-03.46.59:212][  0]LogConfig: Setting CVar [[r.FastBlurThreshold:0]]
[2020.12.10-03.46.59:212][  0]LogConfig: Setting CVar [[r.Upscale.Quality:3]]
[2020.12.10-03.46.59:212][  0]LogConfig: Setting CVar [[r.Tonemapper.GrainQuantization:1]]
[2020.12.10-03.46.59:212][  0]LogConfig: Setting CVar [[r.LightShaftQuality:1]]
[2020.12.10-03.46.59:212][  0]LogConfig: Setting CVar [[r.Filter.SizeScale:1]]
[2020.12.10-03.46.59:212][  0]LogConfig: Setting CVar [[r.Tonemapper.Quality:5]]
[2020.12.10-03.46.59:212][  0]LogConfig: Setting CVar [[r.DOF.Gather.AccumulatorQuality:1        ; higher gathering accumulator quality]]
[2020.12.10-03.46.59:212][  0]LogConfig: Setting CVar [[r.DOF.Gather.PostfilterMethod:1          ; Median3x3 postfilering method]]
[2020.12.10-03.46.59:213][  0]LogConfig: Setting CVar [[r.DOF.Gather.EnableBokehSettings:0       ; no bokeh simulation when gathering]]
[2020.12.10-03.46.59:213][  0]LogConfig: Setting CVar [[r.DOF.Gather.RingCount:4                 ; medium number of samples when gathering]]
[2020.12.10-03.46.59:213][  0]LogConfig: Setting CVar [[r.DOF.Scatter.ForegroundCompositing:1    ; additive foreground scattering]]
[2020.12.10-03.46.59:213][  0]LogConfig: Setting CVar [[r.DOF.Scatter.BackgroundCompositing:2    ; additive background scattering]]
[2020.12.10-03.46.59:213][  0]LogConfig: Setting CVar [[r.DOF.Scatter.EnableBokehSettings:1      ; bokeh simulation when scattering]]
[2020.12.10-03.46.59:213][  0]LogConfig: Setting CVar [[r.DOF.Scatter.MaxSpriteRatio:0.1         ; only a maximum of 10% of scattered bokeh]]
[2020.12.10-03.46.59:213][  0]LogConfig: Setting CVar [[r.DOF.Recombine.Quality:1                ; cheap slight out of focus]]
[2020.12.10-03.46.59:213][  0]LogConfig: Setting CVar [[r.DOF.Recombine.EnableBokehSettings:0    ; no bokeh simulation on slight out of focus]]
[2020.12.10-03.46.59:213][  0]LogConfig: Setting CVar [[r.DOF.TemporalAAQuality:1                ; more stable temporal accumulation]]
[2020.12.10-03.46.59:213][  0]LogConfig: Setting CVar [[r.DOF.Kernel.MaxForegroundRadius:0.025]]
[2020.12.10-03.46.59:213][  0]LogConfig: Setting CVar [[r.DOF.Kernel.MaxBackgroundRadius:0.025]]
[2020.12.10-03.46.59:213][  0]LogConfig: Applying CVar settings from Section [TextureQuality@3] File [C:/Users/Isak/Documents/Unreal Projects/MyProject6/Saved/Config/Windows/Scalability.ini]
[2020.12.10-03.46.59:213][  0]LogConfig: Setting CVar [[r.Streaming.MipBias:0]]
[2020.12.10-03.46.59:213][  0]LogConfig: Setting CVar [[r.Streaming.AmortizeCPUToGPUCopy:0]]
[2020.12.10-03.46.59:213][  0]LogConfig: Setting CVar [[r.Streaming.MaxNumTexturesToStreamPerFrame:0]]
[2020.12.10-03.46.59:213][  0]LogConfig: Setting CVar [[r.Streaming.Boost:1]]
[2020.12.10-03.46.59:213][  0]LogConfig: Setting CVar [[r.MaxAnisotropy:8]]
[2020.12.10-03.46.59:213][  0]LogConfig: Setting CVar [[r.Streaming.LimitPoolSizeToVRAM:0]]
[2020.12.10-03.46.59:213][  0]LogConfig: Setting CVar [[r.Streaming.PoolSize:1000]]
[2020.12.10-03.46.59:213][  0]LogConfig: Setting CVar [[r.Streaming.MaxEffectiveScreenSize:0]]
[2020.12.10-03.46.59:213][  0]LogConfig: Applying CVar settings from Section [EffectsQuality@3] File [C:/Users/Isak/Documents/Unreal Projects/MyProject6/Saved/Config/Windows/Scalability.ini]
[2020.12.10-03.46.59:213][  0]LogConfig: Setting CVar [[r.TranslucencyLightingVolumeDim:4]]
[2020.12.10-03.46.59:213][  0]LogConfig: Setting CVar [[r.RefractionQuality:2]]
[2020.12.10-03.46.59:213][  0]LogConfig: Setting CVar [[r.SSR.Quality:0]]
[2020.12.10-03.46.59:213][  0]LogConfig: Setting CVar [[r.SceneColorFormat:2]]
[2020.12.10-03.46.59:213][  0]LogConfig: Setting CVar [[r.DetailMode:2]]
[2020.12.10-03.46.59:213][  0]LogConfig: Setting CVar [[r.TranslucencyVolumeBlur:0]]
[2020.12.10-03.46.59:213][  0]LogConfig: Setting CVar [[r.MaterialQualityLevel:1 ; High quality]]
[2020.12.10-03.46.59:213][  0]LogConfig: Setting CVar [[r.SSS.Scale:1]]
[2020.12.10-03.46.59:213][  0]LogConfig: Setting CVar [[r.SSS.SampleSet:2]]
[2020.12.10-03.46.59:213][  0]LogConfig: Setting CVar [[r.SSS.Quality:1]]
[2020.12.10-03.46.59:213][  0]LogConfig: Setting CVar [[r.SSS.HalfRes:1]]
[2020.12.10-03.46.59:213][  0]LogConfig: Setting CVar [[r.EmitterSpawnRateScale:1.0]]
[2020.12.10-03.46.59:213][  0]LogConfig: Setting CVar [[r.ParticleLightQuality:2]]
[2020.12.10-03.46.59:213][  0]LogConfig: Applying CVar settings from Section [FoliageQuality@3] File [C:/Users/Isak/Documents/Unreal Projects/MyProject6/Saved/Config/Windows/Scalability.ini]
[2020.12.10-03.46.59:213][  0]LogConfig: Setting CVar [[foliage.DensityScale:1.0]]
[2020.12.10-03.46.59:213][  0]LogConfig: Setting CVar [[grass.DensityScale:1.0]]
[2020.12.10-03.46.59:213][  0]LogInit: Selected Device Profile: [Windows]
[2020.12.10-03.46.59:213][  0]LogInit: Applying CVar settings loaded from the selected device profile: [Windows]
[2020.12.10-03.46.59:216][  0]LogHAL: Display: Platform has ~ 32 GB [34222653440 / 34359738368 / 32], which maps to Largest [LargestMinGB=32, LargerMinGB=12, DefaultMinGB=8, SmallerMinGB=6, SmallestMinGB=0)
[2020.12.10-03.46.59:216][  0]LogInit: Going up to parent DeviceProfile []
[2020.12.10-03.46.59:216][  0]LogConfig: Applying CVar settings from Section [ViewDistanceQuality@3] File [C:/Users/Isak/Documents/Unreal Projects/MyProject6/Saved/Config/Windows/Scalability.ini]
[2020.12.10-03.46.59:216][  0]LogConfig: Setting CVar [[r.SkeletalMeshLODBias:0]]
[2020.12.10-03.46.59:216][  0]LogConfig: Setting CVar [[r.ViewDistanceScale:1.0]]
[2020.12.10-03.46.59:216][  0]LogConfig: Applying CVar settings from Section [AntiAliasingQuality@3] File [C:/Users/Isak/Documents/Unreal Projects/MyProject6/Saved/Config/Windows/Scalability.ini]
[2020.12.10-03.46.59:216][  0]LogConfig: Setting CVar [[r.PostProcessAAQuality:3]]
[2020.12.10-03.46.59:216][  0]LogConfig: Applying CVar settings from Section [ShadowQuality@3] File [C:/Users/Isak/Documents/Unreal Projects/MyProject6/Saved/Config/Windows/Scalability.ini]
[2020.12.10-03.46.59:216][  0]LogConfig: Setting CVar [[r.LightFunctionQuality:1]]
[2020.12.10-03.46.59:216][  0]LogConfig: Setting CVar [[r.ShadowQuality:5]]
[2020.12.10-03.46.59:216][  0]LogConfig: Setting CVar [[r.Shadow.CSM.MaxCascades:10]]
[2020.12.10-03.46.59:216][  0]LogConfig: Setting CVar [[r.Shadow.MaxResolution:2048]]
[2020.12.10-03.46.59:216][  0]LogConfig: Setting CVar [[r.Shadow.MaxCSMResolution:2048]]
[2020.12.10-03.46.59:216][  0]LogConfig: Setting CVar [[r.Shadow.RadiusThreshold:0.01]]
[2020.12.10-03.46.59:216][  0]LogConfig: Setting CVar [[r.Shadow.DistanceScale:1.0]]
[2020.12.10-03.46.59:216][  0]LogConfig: Setting CVar [[r.Shadow.CSM.TransitionScale:1.0]]
[2020.12.10-03.46.59:216][  0]LogConfig: Setting CVar [[r.Shadow.PreShadowResolutionFactor:1.0]]
[2020.12.10-03.46.59:216][  0]LogConfig: Setting CVar [[r.DistanceFieldShadowing:1]]
[2020.12.10-03.46.59:216][  0]LogConfig: Setting CVar [[r.DistanceFieldAO:1]]
[2020.12.10-03.46.59:216][  0]LogConfig: Setting CVar [[r.AOQuality:2]]
[2020.12.10-03.46.59:216][  0]LogConfig: Setting CVar [[r.VolumetricFog:1]]
[2020.12.10-03.46.59:216][  0]LogConfig: Setting CVar [[r.VolumetricFog.GridPixelSize:8]]
[2020.12.10-03.46.59:216][  0]LogConfig: Setting CVar [[r.VolumetricFog.GridSizeZ:128]]
[2020.12.10-03.46.59:216][  0]LogConfig: Setting CVar [[r.VolumetricFog.HistoryMissSupersampleCount:4]]
[2020.12.10-03.46.59:216][  0]LogConfig: Setting CVar [[r.LightMaxDrawDistanceScale:1]]
[2020.12.10-03.46.59:216][  0]LogConfig: Setting CVar [[r.CapsuleShadows:1]]
[2020.12.10-03.46.59:216][  0]LogConfig: Applying CVar settings from Section [PostProcessQuality@3] File [C:/Users/Isak/Documents/Unreal Projects/MyProject6/Saved/Config/Windows/Scalability.ini]
[2020.12.10-03.46.59:216][  0]LogConfig: Setting CVar [[r.MotionBlurQuality:0]]
[2020.12.10-03.46.59:216][  0]LogConfig: Setting CVar [[r.AmbientOcclusionMipLevelFactor:0.4]]
[2020.12.10-03.46.59:216][  0]LogConfig: Setting CVar [[r.AmbientOcclusionMaxQuality:100]]
[2020.12.10-03.46.59:216][  0]LogConfig: Setting CVar [[r.AmbientOcclusionLevels:0]]
[2020.12.10-03.46.59:216][  0]LogConfig: Setting CVar [[r.AmbientOcclusionRadiusScale:1.0]]
[2020.12.10-03.46.59:216][  0]LogConfig: Setting CVar [[r.DepthOfFieldQuality:0]]
[2020.12.10-03.46.59:216][  0]LogConfig: Setting CVar [[r.RenderTargetPoolMin:400]]
[2020.12.10-03.46.59:216][  0]LogConfig: Setting CVar [[r.LensFlareQuality:0]]
[2020.12.10-03.46.59:216][  0]LogConfig: Setting CVar [[r.SceneColorFringeQuality:0]]
[2020.12.10-03.46.59:216][  0]LogConfig: Setting CVar [[r.EyeAdaptationQuality:2]]
[2020.12.10-03.46.59:216][  0]LogConfig: Setting CVar [[r.BloomQuality:1]]
[2020.12.10-03.46.59:216][  0]LogConfig: Setting CVar [[r.FastBlurThreshold:0]]
[2020.12.10-03.46.59:216][  0]LogConfig: Setting CVar [[r.Upscale.Quality:3]]
[2020.12.10-03.46.59:216][  0]LogConfig: Setting CVar [[r.Tonemapper.GrainQuantization:1]]
[2020.12.10-03.46.59:216][  0]LogConfig: Setting CVar [[r.LightShaftQuality:1]]
[2020.12.10-03.46.59:216][  0]LogConfig: Setting CVar [[r.Filter.SizeScale:1]]
[2020.12.10-03.46.59:216][  0]LogConfig: Setting CVar [[r.Tonemapper.Quality:5]]
[2020.12.10-03.46.59:216][  0]LogConfig: Setting CVar [[r.DOF.Gather.AccumulatorQuality:1        ; higher gathering accumulator quality]]
[2020.12.10-03.46.59:216][  0]LogConfig: Setting CVar [[r.DOF.Gather.PostfilterMethod:1          ; Median3x3 postfilering method]]
[2020.12.10-03.46.59:216][  0]LogConfig: Setting CVar [[r.DOF.Gather.EnableBokehSettings:0       ; no bokeh simulation when gathering]]
[2020.12.10-03.46.59:217][  0]LogConfig: Setting CVar [[r.DOF.Gather.RingCount:4                 ; medium number of samples when gathering]]
[2020.12.10-03.46.59:217][  0]LogConfig: Setting CVar [[r.DOF.Scatter.ForegroundCompositing:1    ; additive foreground scattering]]
[2020.12.10-03.46.59:217][  0]LogConfig: Setting CVar [[r.DOF.Scatter.BackgroundCompositing:2    ; additive background scattering]]
[2020.12.10-03.46.59:217][  0]LogConfig: Setting CVar [[r.DOF.Scatter.EnableBokehSettings:1      ; bokeh simulation when scattering]]
[2020.12.10-03.46.59:217][  0]LogConfig: Setting CVar [[r.DOF.Scatter.MaxSpriteRatio:0.1         ; only a maximum of 10% of scattered bokeh]]
[2020.12.10-03.46.59:217][  0]LogConfig: Setting CVar [[r.DOF.Recombine.Quality:1                ; cheap slight out of focus]]
[2020.12.10-03.46.59:217][  0]LogConfig: Setting CVar [[r.DOF.Recombine.EnableBokehSettings:0    ; no bokeh simulation on slight out of focus]]
[2020.12.10-03.46.59:217][  0]LogConfig: Setting CVar [[r.DOF.TemporalAAQuality:1                ; more stable temporal accumulation]]
[2020.12.10-03.46.59:217][  0]LogConfig: Setting CVar [[r.DOF.Kernel.MaxForegroundRadius:0.025]]
[2020.12.10-03.46.59:217][  0]LogConfig: Setting CVar [[r.DOF.Kernel.MaxBackgroundRadius:0.025]]
[2020.12.10-03.46.59:217][  0]LogConfig: Applying CVar settings from Section [TextureQuality@3] File [C:/Users/Isak/Documents/Unreal Projects/MyProject6/Saved/Config/Windows/Scalability.ini]
[2020.12.10-03.46.59:217][  0]LogConfig: Setting CVar [[r.Streaming.MipBias:0]]
[2020.12.10-03.46.59:217][  0]LogConfig: Setting CVar [[r.Streaming.AmortizeCPUToGPUCopy:0]]
[2020.12.10-03.46.59:217][  0]LogConfig: Setting CVar [[r.Streaming.MaxNumTexturesToStreamPerFrame:0]]
[2020.12.10-03.46.59:217][  0]LogConfig: Setting CVar [[r.Streaming.Boost:1]]
[2020.12.10-03.46.59:217][  0]LogConfig: Setting CVar [[r.MaxAnisotropy:8]]
[2020.12.10-03.46.59:217][  0]LogConfig: Setting CVar [[r.Streaming.LimitPoolSizeToVRAM:0]]
[2020.12.10-03.46.59:217][  0]LogConfig: Setting CVar [[r.Streaming.PoolSize:1000]]
[2020.12.10-03.46.59:217][  0]LogConfig: Setting CVar [[r.Streaming.MaxEffectiveScreenSize:0]]
[2020.12.10-03.46.59:217][  0]LogConfig: Applying CVar settings from Section [EffectsQuality@3] File [C:/Users/Isak/Documents/Unreal Projects/MyProject6/Saved/Config/Windows/Scalability.ini]
[2020.12.10-03.46.59:217][  0]LogConfig: Setting CVar [[r.TranslucencyLightingVolumeDim:4]]
[2020.12.10-03.46.59:217][  0]LogConfig: Setting CVar [[r.RefractionQuality:2]]
[2020.12.10-03.46.59:217][  0]LogConfig: Setting CVar [[r.SSR.Quality:0]]
[2020.12.10-03.46.59:217][  0]LogConfig: Setting CVar [[r.SceneColorFormat:2]]
[2020.12.10-03.46.59:217][  0]LogConfig: Setting CVar [[r.DetailMode:2]]
[2020.12.10-03.46.59:217][  0]LogConfig: Setting CVar [[r.TranslucencyVolumeBlur:0]]
[2020.12.10-03.46.59:217][  0]LogConfig: Setting CVar [[r.MaterialQualityLevel:1 ; High quality]]
[2020.12.10-03.46.59:217][  0]LogConfig: Setting CVar [[r.SSS.Scale:1]]
[2020.12.10-03.46.59:217][  0]LogConfig: Setting CVar [[r.SSS.SampleSet:2]]
[2020.12.10-03.46.59:217][  0]LogConfig: Setting CVar [[r.SSS.Quality:1]]
[2020.12.10-03.46.59:217][  0]LogConfig: Setting CVar [[r.SSS.HalfRes:1]]
[2020.12.10-03.46.59:217][  0]LogConfig: Setting CVar [[r.EmitterSpawnRateScale:1.0]]
[2020.12.10-03.46.59:217][  0]LogConfig: Setting CVar [[r.ParticleLightQuality:2]]
[2020.12.10-03.46.59:217][  0]LogConfig: Applying CVar settings from Section [FoliageQuality@3] File [C:/Users/Isak/Documents/Unreal Projects/MyProject6/Saved/Config/Windows/Scalability.ini]
[2020.12.10-03.46.59:217][  0]LogConfig: Setting CVar [[foliage.DensityScale:1.0]]
[2020.12.10-03.46.59:217][  0]LogConfig: Setting CVar [[grass.DensityScale:1.0]]
[2020.12.10-03.46.59:217][  0]LogConfig: Applying CVar settings from Section [Startup] File [../../../Engine/Config/ConsoleVariables.ini]
[2020.12.10-03.46.59:217][  0]LogConfig: Setting CVar [[net.UseAdaptiveNetUpdateFrequency:0]]
[2020.12.10-03.46.59:217][  0]LogConfig: Setting CVar [[p.chaos.AllowCreatePhysxBodies:1]]
[2020.12.10-03.46.59:217][  0]LogConfig: Applying CVar settings from Section [ConsoleVariables] File [C:/Users/Isak/Documents/Unreal Projects/MyProject6/Saved/Config/Windows/Engine.ini]
[2020.12.10-03.46.59:217][  0]LogInit: Computer: DESKTOP-J7Q1VKS
[2020.12.10-03.46.59:217][  0]LogInit: User: Isak
[2020.12.10-03.46.59:217][  0]LogInit: CPU Page size=4096, Cores=4
[2020.12.10-03.46.59:217][  0]LogInit: High frequency timer resolution =10.000000 MHz
[2020.12.10-03.46.59:217][  0]LogMemory: Memory total: Physical=31.9GB (32GB approx)
[2020.12.10-03.46.59:217][  0]LogMemory: Platform Memory Stats for Windows
[2020.12.10-03.46.59:217][  0]LogMemory: Process Physical Memory: 101.56 MB used, 101.56 MB peak
[2020.12.10-03.46.59:217][  0]LogMemory: Process Virtual Memory: 88.43 MB used, 88.43 MB peak
[2020.12.10-03.46.59:217][  0]LogMemory: Physical Memory: 14359.83 MB used,  18277.43 MB free, 32637.27 MB total
[2020.12.10-03.46.59:217][  0]LogMemory: Virtual Memory: 4658.27 MB used,  134213072.00 MB free, 134217728.00 MB total
[2020.12.10-03.46.59:220][  0]LogWindows: WindowsPlatformFeatures enabled
[2020.12.10-03.46.59:240][  0]LogInit: Using OS detected language (en-US).
[2020.12.10-03.46.59:240][  0]LogInit: Using OS detected locale (en-US).
[2020.12.10-03.46.59:241][  0]LogTextLocalizationManager: No specific localization for 'en-US' exists, so the 'en' localization will be used.
[2020.12.10-03.46.59:421][  0]LogInit: Setting process to per monitor DPI aware
[2020.12.10-03.46.59:465][  0]LogSlate: New Slate User Created.  User Index 0, Is Virtual User: 0
[2020.12.10-03.46.59:465][  0]LogSlate: Slate User Registered.  User Index 0, Is Virtual User: 0
[2020.12.10-03.46.59:628][  0]LogHMD: Failed to initialize OpenVR with code 110
[2020.12.10-03.46.59:628][  0]LogD3D11RHI: D3D11 adapters:
[2020.12.10-03.46.59:656][  0]LogD3D11RHI:    0. 'Radeon(TM) RX 460 Graphics' (Feature Level 11_0)
[2020.12.10-03.46.59:656][  0]LogD3D11RHI:       4041/0/16318 MB DedicatedVideo/DedicatedSystem/SharedSystem, Outputs:2, VendorId:0x1002
[2020.12.10-03.46.59:663][  0]LogD3D11RHI:    1. 'Intel(R) HD Graphics 4600' (Feature Level 11_0)
[2020.12.10-03.46.59:663][  0]LogD3D11RHI:       112/0/2048 MB DedicatedVideo/DedicatedSystem/SharedSystem, Outputs:0, VendorId:0x8086
[2020.12.10-03.46.59:665][  0]LogD3D11RHI:    2. 'Microsoft Basic Render Driver' (Feature Level 11_0)
[2020.12.10-03.46.59:665][  0]LogD3D11RHI:       0/0/16318 MB DedicatedVideo/DedicatedSystem/SharedSystem, Outputs:0, VendorId:0x1414
[2020.12.10-03.46.59:665][  0]LogD3D11RHI: Chosen D3D11 Adapter: 0
[2020.12.10-03.46.59:673][  0]LogD3D11RHI: Creating new Direct3DDevice
[2020.12.10-03.46.59:673][  0]LogD3D11RHI:     GPU DeviceId: 0x67ef (for the marketing name, search the web for "GPU Device Id")
[2020.12.10-03.46.59:673][  0]LogWindows: EnumDisplayDevices:
[2020.12.10-03.46.59:673][  0]LogWindows:    0. 'Radeon(TM) RX 460 Graphics' (P:1 D:1)
[2020.12.10-03.46.59:673][  0]LogWindows:    1. 'Radeon(TM) RX 460 Graphics' (P:0 D:1)
[2020.12.10-03.46.59:673][  0]LogWindows:    2. 'Radeon(TM) RX 460 Graphics' (P:0 D:0)
[2020.12.10-03.46.59:674][  0]LogWindows:    3. 'Radeon(TM) RX 460 Graphics' (P:0 D:0)
[2020.12.10-03.46.59:674][  0]LogWindows:    4. 'Radeon(TM) RX 460 Graphics' (P:0 D:0)
[2020.12.10-03.46.59:674][  0]LogWindows:    5. 'Radeon(TM) RX 460 Graphics' (P:0 D:0)
[2020.12.10-03.46.59:675][  0]LogWindows:    6. 'Radeon(TM) RX 460 Graphics' (P:0 D:0)
[2020.12.10-03.46.59:675][  0]LogWindows:    7. 'Intel(R) HD Graphics 4600' (P:0 D:0)
[2020.12.10-03.46.59:675][  0]LogWindows:    8. 'Intel(R) HD Graphics 4600' (P:0 D:0)
[2020.12.10-03.46.59:675][  0]LogWindows:    9. 'Intel(R) HD Graphics 4600' (P:0 D:0)
[2020.12.10-03.46.59:676][  0]LogWindows: DebugString: PrimaryIsNotTheChoosenAdapter PrimaryIsNotTheChoosenAdapter PrimaryIsNotTheChoosenAdapter FoundDriverCount:7 
[2020.12.10-03.46.59:676][  0]LogD3D11RHI:     Adapter Name: Radeon(TM) RX 460 Graphics
[2020.12.10-03.46.59:676][  0]LogD3D11RHI:   Driver Version: Adrenalin 19.20 (internal:26.20.12028.2, unified:26.20.12028.2)
[2020.12.10-03.46.59:676][  0]LogD3D11RHI:      Driver Date: 8-16-2019
[2020.12.10-03.46.59:676][  0]LogRHI: Texture pool is 2828 MB (70% of 4041 MB)
[2020.12.10-03.46.59:738][  0]LogD3D11RHI: Async texture creation enabled
[2020.12.10-03.46.59:748][  0]LogD3D11RHI: GPU Timing Frequency: 25.000000 (Debug: 2 1)
[2020.12.10-03.47.00:047][  0]LogTemp: Display: Module 'AllDesktopTargetPlatform' loaded TargetPlatform 'AllDesktop'
[2020.12.10-03.47.00:056][  0]LogTemp: Display: Module 'MacClientTargetPlatform' loaded TargetPlatform 'MacClient'
[2020.12.10-03.47.00:065][  0]LogTemp: Display: Module 'MacNoEditorTargetPlatform' loaded TargetPlatform 'MacNoEditor'
[2020.12.10-03.47.00:074][  0]LogTemp: Display: Module 'MacServerTargetPlatform' loaded TargetPlatform 'MacServer'
[2020.12.10-03.47.00:084][  0]LogTemp: Display: Module 'MacTargetPlatform' loaded TargetPlatform 'Mac'
[2020.12.10-03.47.00:093][  0]LogTemp: Display: Module 'WindowsClientTargetPlatform' loaded TargetPlatform 'WindowsClient'
[2020.12.10-03.47.00:108][  0]LogTemp: Display: Module 'WindowsNoEditorTargetPlatform' loaded TargetPlatform 'WindowsNoEditor'
[2020.12.10-03.47.00:119][  0]LogTemp: Display: Module 'WindowsServerTargetPlatform' loaded TargetPlatform 'WindowsServer'
[2020.12.10-03.47.00:124][  0]LogTemp: Display: Module 'WindowsTargetPlatform' loaded TargetPlatform 'Windows'
[2020.12.10-03.47.00:162][  0]LogTemp: Display: Module 'AndroidTargetPlatform' loaded TargetPlatform 'Android'
[2020.12.10-03.47.00:162][  0]LogTemp: Display: Module 'AndroidTargetPlatform' loaded TargetPlatform 'Android_ASTC'
[2020.12.10-03.47.00:162][  0]LogTemp: Display: Module 'AndroidTargetPlatform' loaded TargetPlatform 'Android_ATC'
[2020.12.10-03.47.00:162][  0]LogTemp: Display: Module 'AndroidTargetPlatform' loaded TargetPlatform 'Android_DXT'
[2020.12.10-03.47.00:162][  0]LogTemp: Display: Module 'AndroidTargetPlatform' loaded TargetPlatform 'Android_ETC1'
[2020.12.10-03.47.00:162][  0]LogTemp: Display: Module 'AndroidTargetPlatform' loaded TargetPlatform 'Android_ETC1a'
[2020.12.10-03.47.00:162][  0]LogTemp: Display: Module 'AndroidTargetPlatform' loaded TargetPlatform 'Android_ETC2'
[2020.12.10-03.47.00:162][  0]LogTemp: Display: Module 'AndroidTargetPlatform' loaded TargetPlatform 'Android_PVRTC'
[2020.12.10-03.47.00:162][  0]LogTemp: Display: Module 'AndroidTargetPlatform' loaded TargetPlatform 'AndroidClient'
[2020.12.10-03.47.00:162][  0]LogTemp: Display: Module 'AndroidTargetPlatform' loaded TargetPlatform 'Android_ASTCClient'
[2020.12.10-03.47.00:162][  0]LogTemp: Display: Module 'AndroidTargetPlatform' loaded TargetPlatform 'Android_ATCClient'
[2020.12.10-03.47.00:162][  0]LogTemp: Display: Module 'AndroidTargetPlatform' loaded TargetPlatform 'Android_DXTClient'
[2020.12.10-03.47.00:162][  0]LogTemp: Display: Module 'AndroidTargetPlatform' loaded TargetPlatform 'Android_ETC1Client'
[2020.12.10-03.47.00:162][  0]LogTemp: Display: Module 'AndroidTargetPlatform' loaded TargetPlatform 'Android_ETC1aClient'
[2020.12.10-03.47.00:162][  0]LogTemp: Display: Module 'AndroidTargetPlatform' loaded TargetPlatform 'Android_ETC2Client'
[2020.12.10-03.47.00:162][  0]LogTemp: Display: Module 'AndroidTargetPlatform' loaded TargetPlatform 'Android_PVRTCClient'
[2020.12.10-03.47.00:162][  0]LogTemp: Display: Module 'AndroidTargetPlatform' loaded TargetPlatform 'Android_Multi'
[2020.12.10-03.47.00:162][  0]LogTemp: Display: Module 'AndroidTargetPlatform' loaded TargetPlatform 'Android_MultiClient'
[2020.12.10-03.47.00:164][  0]LogTemp: Display: Module 'HTML5TargetPlatform' loaded TargetPlatform 'HTML5'
[2020.12.10-03.47.00:186][  0]LogTemp: Display: Module 'IOSTargetPlatform' loaded TargetPlatform 'IOSClient'
[2020.12.10-03.47.00:186][  0]LogTemp: Display: Module 'IOSTargetPlatform' loaded TargetPlatform 'IOS'
[2020.12.10-03.47.00:201][  0]LogTemp: Display: Module 'TVOSTargetPlatform' loaded TargetPlatform 'TVOSClient'
[2020.12.10-03.47.00:201][  0]LogTemp: Display: Module 'TVOSTargetPlatform' loaded TargetPlatform 'TVOS'
[2020.12.10-03.47.00:209][  0]LogTemp: Display: Module 'LinuxClientTargetPlatform' loaded TargetPlatform 'LinuxClient'
[2020.12.10-03.47.00:217][  0]LogTemp: Display: Module 'LinuxNoEditorTargetPlatform' loaded TargetPlatform 'LinuxNoEditor'
[2020.12.10-03.47.00:226][  0]LogTemp: Display: Module 'LinuxServerTargetPlatform' loaded TargetPlatform 'LinuxServer'
[2020.12.10-03.47.00:236][  0]LogTemp: Display: Module 'LinuxTargetPlatform' loaded TargetPlatform 'Linux'
[2020.12.10-03.47.00:265][  0]LogTemp: Display: Module 'LuminTargetPlatform' loaded TargetPlatform 'Lumin'
[2020.12.10-03.47.00:265][  0]LogTemp: Display: Module 'LuminTargetPlatform' loaded TargetPlatform 'LuminClient'
[2020.12.10-03.47.00:265][  0]LogTargetPlatformManager: Display: Building Assets For Windows
[2020.12.10-03.47.00:275][  0]LogAudioDebug: Display: Lib vorbis DLL was dynamically loaded.
[2020.12.10-03.47.00:327][  0]LogShaderCompilers: Guid format shader working directory is -20 characters bigger than the processId version (../../../../../../Users/Isak/Documents/Unreal Projects/MyProject6/Intermediate/Shaders/WorkingDirectory/6636/).
[2020.12.10-03.47.00:327][  0]LogShaderCompilers: Cleaned the shader compiler working directory 'C:/Users/Isak/AppData/Local/Temp/UnrealShaderWorkingDir/B94BA6B844E5DD6D58CC838F64D27E57/'.
[2020.12.10-03.47.00:330][  0]LogXGEController: Cannot use XGE Controller as Incredibuild is not installed on this machine.
[2020.12.10-03.47.00:330][  0]LogShaderCompilers: Cannot use XGE Shader Compiler as Incredibuild is not installed on this machine.
[2020.12.10-03.47.00:330][  0]LogShaderCompilers: Display: Using Local Shader Compiler.
[2020.12.10-03.47.00:970][  0]LogDerivedDataCache: Display: Max Cache Size: 512 MB
[2020.12.10-03.47.01:032][  0]LogDerivedDataCache: Loaded boot cache 0.06s 90MB C:/Users/Isak/AppData/Local/UnrealEngine/4.23/DerivedDataCache/Boot.ddc.
[2020.12.10-03.47.01:032][  0]LogDerivedDataCache: Display: Loaded Boot cache: C:/Users/Isak/AppData/Local/UnrealEngine/4.23/DerivedDataCache/Boot.ddc
[2020.12.10-03.47.01:032][  0]LogDerivedDataCache: FDerivedDataBackendGraph:  Pak pak cache file ../../../../../../Users/Isak/Documents/Unreal Projects/MyProject6/DerivedDataCache/DDC.ddp not found, will not use a pak cache.
[2020.12.10-03.47.01:032][  0]LogDerivedDataCache: Unable to find inner node Pak for hierarchical cache Hierarchy.
[2020.12.10-03.47.01:032][  0]LogDerivedDataCache: FDerivedDataBackendGraph:  CompressedPak pak cache file ../../../../../../Users/Isak/Documents/Unreal Projects/MyProject6/DerivedDataCache/Compressed.ddp not found, will not use a pak cache.
[2020.12.10-03.47.01:032][  0]LogDerivedDataCache: Unable to find inner node CompressedPak for hierarchical cache Hierarchy.
[2020.12.10-03.47.01:043][  0]LogDerivedDataCache: Display: Pak cache opened for reading ../../../Engine/DerivedDataCache/Compressed.ddp.
[2020.12.10-03.47.01:043][  0]LogDerivedDataCache: FDerivedDataBackendGraph:  EnterprisePak pak cache file ../../../Enterprise/DerivedDataCache/Compressed.ddp not found, will not use a pak cache.
[2020.12.10-03.47.01:043][  0]LogDerivedDataCache: Unable to find inner node EnterprisePak for hierarchical cache Hierarchy.
[2020.12.10-03.47.01:045][  0]LogDerivedDataCache: Using Local data cache path C:/Users/Isak/AppData/Local/UnrealEngine/Common/DerivedDataCache: Writable
[2020.12.10-03.47.01:045][  0]LogDerivedDataCache: Shared data cache path not found in *engine.ini, will not use an Shared cache.
[2020.12.10-03.47.01:045][  0]LogDerivedDataCache: Unable to find inner node Shared for hierarchical cache Hierarchy.
[2020.12.10-03.47.01:070][  0]LogMaterial: Verifying Global Shaders for PCD3D_SM5
[2020.12.10-03.47.01:073][  0]LogSlate: Using FreeType 2.6.0
[2020.12.10-03.47.01:073][  0]LogSlate: SlateFontServices - WITH_FREETYPE: 1, WITH_HARFBUZZ: 1
[2020.12.10-03.47.01:127][  0]LogAssetRegistry: FAssetRegistry took 0.0025 seconds to start up
[2020.12.10-03.47.01:401][  0]LogInit: Selected Device Profile: [Windows]
[2020.12.10-03.47.01:558][  0]LogMeshReduction: Using QuadricMeshReduction for automatic static mesh reduction
[2020.12.10-03.47.01:558][  0]LogMeshReduction: Using SimplygonMeshReduction for automatic skeletal mesh reduction
[2020.12.10-03.47.01:558][  0]LogMeshReduction: Using ProxyLODMeshReduction for automatic mesh merging
[2020.12.10-03.47.01:558][  0]LogMeshReduction: No distributed automatic mesh merging module available
[2020.12.10-03.47.01:558][  0]LogMeshMerging: No distributed automatic mesh merging module available
[2020.12.10-03.47.01:566][  0]LogNetVersion: MyProject6 1.0.0, NetCL: 8386587, EngineNetVer: 11, GameNetVer: 0 (Checksum: 267940383)
[2020.12.10-03.47.01:969][  0]LogPackageLocalizationCache: Processed 13 localized package path(s) for 1 prioritized culture(s) in 0.047693 seconds
[2020.12.10-03.47.01:976][  0]LogUObjectArray: 43444 objects as part of root set at end of initial load.
[2020.12.10-03.47.01:976][  0]LogUObjectAllocator: 7548648 out of 0 bytes used by permanent object pool.
[2020.12.10-03.47.01:976][  0]LogUObjectArray: CloseDisregardForGC: 0/0 objects in disregard for GC pool
[2020.12.10-03.47.02:787][  0]LogTcpMessaging: Initializing TcpMessaging bridge
[2020.12.10-03.47.02:790][  0]LogUdpMessaging: Initializing bridge on interface 0.0.0.0:0 to multicast group 230.0.0.1:6666.
[2020.12.10-03.47.02:864][  0]SourceControl: Source control is disabled
[2020.12.10-03.47.03:313][  0]LogAndroidPermission: UAndroidPermissionCallbackProxy::GetInstance
[2020.12.10-03.47.03:439][  0]LogOcInput: OculusInput pre-init called
[2020.12.10-03.47.03:447][  0]LogWindows: Failed to load 'OVRPlugin.dll' (GetLastError=126)
[2020.12.10-03.47.03:447][  0]LogWindows: File 'OVRPlugin.dll' does not exist
[2020.12.10-03.47.03:573][  0]LogTemp: [SRanipal] Module start up Success.
[2020.12.10-03.47.03:692][  0]LogEngine: Initializing Engine...
[2020.12.10-03.47.03:692][  0]LogHMD: Failed to initialize OpenVR with code 110
[2020.12.10-03.47.03:693][  0]LogStats: UGameplayTagsManager::InitializeManager -  0.000 s
[2020.12.10-03.47.03:915][  0]LogInit: Initializing FReadOnlyCVARCache
[2020.12.10-03.47.03:929][  0]LogAIModule: Creating AISystem for world Untitled
[2020.12.10-03.47.03:956][  0]LogInit: XAudio2 using 'Headphones (High Definition Audio Device)' : 2 channels at 48 kHz using 16 bits per sample (channel mask 0x3)
[2020.12.10-03.47.03:969][  0]LogInit: FAudioDevice initialized.
[2020.12.10-03.47.03:969][  0]LogNetVersion: Set ProjectVersion to 1.0.0.0. Version Checksum will be recalculated on next use.
[2020.12.10-03.47.04:054][  0]LogDerivedDataCache: Saved boot cache 0.08s 90MB C:/Users/Isak/AppData/Local/UnrealEngine/4.23/DerivedDataCache/Boot.ddc.
[2020.12.10-03.47.04:061][  0]LogInit: Texture streaming: Enabled
[2020.12.10-03.47.04:081][  0]LogEngineSessionManager: EngineSessionManager initialized
[2020.12.10-03.47.04:081][  0]LogEditorSessionSummary: Verbose: Initializing EditorSessionSummaryWriter for editor session tracking
[2020.12.10-03.47.04:082][  0]LogEditorSessionSummary: EditorSessionSummaryWriter initialized
[2020.12.10-03.47.04:122][  0]LogInit: Transaction tracking system initialized
[2020.12.10-03.47.04:156][  0]BlueprintLog: New page: Editor Load
[2020.12.10-03.47.04:243][  0]LocalizationService: Localization service is disabled
[2020.12.10-03.47.04:607][  0]LogFileCache: Scanning file cache for directory 'C:/Users/Isak/Documents/Unreal Projects/MyProject6/Content/' took 0.00s
[2020.12.10-03.47.04:607][  0]LogCook: Display: Max memory allowance for cook 16384mb min free memory 0mb
[2020.12.10-03.47.04:607][  0]LogCook: Display: Mobile HDR setting 1
[2020.12.10-03.47.04:845][  0]Cmd: MAP LOAD FILE="../../../../../../Users/Isak/Documents/Unreal Projects/MyProject6/Content/VirtualRealityBP/Maps/StartupMap.umap" TEMPLATE=0 SHOWPROGRESS=1 FEATURELEVEL=3
[2020.12.10-03.47.04:846][  0]LightingResults: New page: Lighting Build
[2020.12.10-03.47.04:848][  0]LogWorld: UWorld::CleanupWorld for Untitled, bSessionEnded=true, bCleanupResources=true
[2020.12.10-03.47.04:849][  0]MapCheck: New page: Map Check
[2020.12.10-03.47.04:849][  0]LightingResults: New page: Lighting Build
[2020.12.10-03.47.04:871][  0]LogUObjectHash: Compacting FUObjectHashTables data took   1.70ms
[2020.12.10-03.47.05:177][  0]LogAIModule: Creating AISystem for world StartupMap
[2020.12.10-03.47.05:185][  0]LogEditorServer: Finished looking for orphan Actors (0.000 secs)
[2020.12.10-03.47.05:211][  0]LogUObjectHash: Compacting FUObjectHashTables data took   3.40ms
[2020.12.10-03.47.05:211][  0]Cmd: MAP CHECKDEP NOCLEARLOG
[2020.12.10-03.47.05:212][  0]MapCheck: Map check complete: 0 Error(s), 0 Warning(s), took 0.274ms to complete.
[2020.12.10-03.47.05:212][  0]LogFileHelpers: Loading map 'StartupMap' took 0.366
[2020.12.10-03.47.05:346][  0]LogSlate: Updating window title bar state: overlay mode, drag disabled, window buttons hidden, title bar hidden
[2020.12.10-03.47.05:354][  0]LogSlate: Updating window title bar state: overlay mode, drag disabled, window buttons hidden, title bar hidden
[2020.12.10-03.47.05:364][  0]LogSlate: Updating window title bar state: overlay mode, drag disabled, window buttons hidden, title bar hidden
[2020.12.10-03.47.05:372][  0]LogSlate: Updating window title bar state: overlay mode, drag disabled, window buttons hidden, title bar hidden
[2020.12.10-03.47.05:390][  0]LogCollectionManager: Loaded 0 collections in 0.002964 seconds
[2020.12.10-03.47.05:397][  0]LogFileCache: Scanning file cache for directory 'C:/Users/Isak/Documents/Unreal Projects/MyProject6/Saved/Collections/' took 0.00s
[2020.12.10-03.47.05:397][  0]LogFileCache: Scanning file cache for directory 'C:/Users/Isak/Documents/Unreal Projects/MyProject6/Content/Developers/Isak/Collections/' took 0.00s
[2020.12.10-03.47.05:397][  0]LogFileCache: Scanning file cache for directory 'C:/Users/Isak/Documents/Unreal Projects/MyProject6/Content/Collections/' took 0.00s
[2020.12.10-03.47.05:397][  0]LogCollectionManager: Rebuilt the GUID cache for 0 collections in 0.000002 seconds
[2020.12.10-03.47.05:408][  0]LogContentBrowser: Native class hierarchy populated in 0.0104 seconds. Added 2873 classes and 691 folders.
[2020.12.10-03.47.05:426][  0]LogContentBrowser: Native class hierarchy updated for 'WidgetCarousel' in 0.0003 seconds. Added 0 classes and 0 folders.
[2020.12.10-03.47.05:783][  0]LogContentBrowser: Native class hierarchy updated for 'AddContentDialog' in 0.0003 seconds. Added 0 classes and 0 folders.
[2020.12.10-03.47.05:796][  0]LogSlate: Took 0.000129 seconds to synchronously load lazily loaded font '../../../Engine/Content/Slate/Fonts/Roboto-Regular.ttf' (155K)
[2020.12.10-03.47.05:797][  0]LogSlate: Took 0.000143 seconds to synchronously load lazily loaded font '../../../Engine/Content/Slate/Fonts/Roboto-Bold.ttf' (160K)
[2020.12.10-03.47.05:810][  0]LogSlate: Took 0.007238 seconds to synchronously load lazily loaded font '../../../Engine/Content/Editor/Slate/Fonts/FontAwesome.ttf' (139K)
[2020.12.10-03.47.06:012][  0]LogRenderer: Reallocating scene render targets to support 1616x572 Format 26 NumSamples 1 (Frame:1).
[2020.12.10-03.47.06:186][  0]LogContentBrowser: Native class hierarchy updated for 'HierarchicalLODOutliner' in 0.0003 seconds. Added 0 classes and 0 folders.
[2020.12.10-03.47.06:186][  0]LogLoad: (Engine Initialization) Total time: 8.20 seconds
[2020.12.10-03.47.06:186][  0]LogLoad: (Engine Initialization) Total Blueprint compile time: 0.00 seconds
[2020.12.10-03.47.06:246][  0]LogContentStreaming: Texture pool size now 1000 MB
[2020.12.10-03.47.06:279][  0]LogSlate: Took 0.007442 seconds to synchronously load lazily loaded font '../../../Engine/Content/Slate/Fonts/Roboto-Light.ttf' (167K)
[2020.12.10-03.47.06:461][  4]LogAssetRegistry: Asset discovery search completed in 5.3349 seconds
[2020.12.10-03.47.06:465][  4]LogCollectionManager: Rebuilt the object cache for 0 collections in 0.000009 seconds (found 0 objects)
[2020.12.10-03.47.06:465][  4]LogCollectionManager: Fixed up redirectors for 0 collections in 0.000059 seconds (updated 0 objects)
[2020.12.10-03.47.12:999][741]LogSlate: FSceneViewport::OnFocusLost() reason 0
[2020.12.10-03.47.20:931][672]LogSlate: Took 0.000145 seconds to synchronously load lazily loaded font '../../../Engine/Content/Slate/Fonts/Roboto-Light.ttf' (167K)
[2020.12.10-03.47.22:705][672]LogSlate: Window 'Pick Parent Class' being destroyed
[2020.12.10-03.47.41:041][796]LogAssetEditorManager: Opening Asset editor for Blueprint /Game/Geometry/Blueprints/saccadeDemo.saccadeDemo
[2020.12.10-03.47.41:423][796]LogContentBrowser: Native class hierarchy updated for 'BlueprintGraph' in 0.0006 seconds. Added 121 classes and 0 folders.
[2020.12.10-03.47.42:484][796]LogRenderer: Reallocating scene render targets to support 1616x712 Format 26 NumSamples 1 (Frame:1).
[2020.12.10-03.47.44:106][939]LogSlate: Took 0.007504 seconds to synchronously load lazily loaded font '../../../Engine/Content/Slate/Fonts/Roboto-Italic.ttf' (157K)
[2020.12.10-03.48.02:248][858]LogSlate: FSceneViewport::OnFocusLost() reason 0
[2020.12.10-03.48.02:416][874]LogAssetEditorManager: Opening Asset editor for Blueprint /Game/Geometry/Blueprints/ballMovement.ballMovement
[2020.12.10-03.48.02:745][874]LogSlate: Took 0.008084 seconds to synchronously load lazily loaded font '../../../Engine/Content/Slate/Fonts/Roboto-BoldCondensed.ttf' (158K)
[2020.12.10-03.48.43:618][339]LogSlate: FSceneViewport::OnFocusLost() reason 0
[2020.12.10-03.49.00:697][826]LogSlate: FSceneViewport::OnFocusLost() reason 0
[2020.12.10-03.49.16:947][279]LogSlate: FSceneViewport::OnFocusLost() reason 0
[2020.12.10-03.49.17:009][286]BlueprintLog: New page: Compile saccadeDemo
[2020.12.10-03.49.17:289][286]LogUObjectHash: Compacting FUObjectHashTables data took   5.46ms
[2020.12.10-03.51.16:983][  1]LogSlate: Took 0.007211 seconds to synchronously load lazily loaded font '../../../Engine/Content/Slate/Fonts/Roboto-BoldCondensedItalic.ttf' (160K)
[2020.12.10-03.51.22:725][253]LogSlate: Window 'Change Variable Type' being destroyed
[2020.12.10-03.51.26:861][648]LogSlate: Window 'Find in Blueprints' being destroyed
[2020.12.10-03.51.26:868][648]LogSlate: Window 'Find in Blueprints' being destroyed
[2020.12.10-03.51.31:790][135]BlueprintLog: New page: Compile saccadeDemo
[2020.12.10-03.51.32:011][135]LogUObjectHash: Compacting FUObjectHashTables data took   4.57ms
[2020.12.10-03.52.14:519][759]Cmd: OBJ SAVEPACKAGE PACKAGE="/Game/Geometry/Blueprints/saccadeDemo" FILE="../../../../../../Users/Isak/Documents/Unreal Projects/MyProject6/Content/Geometry/Blueprints/saccadeDemo.uasset" SILENT=true
[2020.12.10-03.52.14:543][759]LogSavePackage: Moving '../../../../../../Users/Isak/Documents/Unreal Projects/MyProject6/Saved/saccadeDemo5A09394A430EB0EB1B7FF8A8B976A9CE.tmp' to '../../../../../../Users/Isak/Documents/Unreal Projects/MyProject6/Content/Geometry/Blueprints/saccadeDemo.uasset'
[2020.12.10-03.52.15:683][863]BlueprintLog: New page: Compile saccadeDemo
[2020.12.10-03.52.15:902][863]LogUObjectHash: Compacting FUObjectHashTables data took   5.27ms
[2020.12.10-03.52.44:306][121]Cmd: OBJ SAVEPACKAGE PACKAGE="/Game/Geometry/Blueprints/saccadeDemo" FILE="../../../../../../Users/Isak/Documents/Unreal Projects/MyProject6/Content/Geometry/Blueprints/saccadeDemo.uasset" SILENT=true
[2020.12.10-03.52.44:328][121]LogSavePackage: Moving '../../../../../../Users/Isak/Documents/Unreal Projects/MyProject6/Saved/saccadeDemoF4FDBAA04B53F4161A19858D654BDE07.tmp' to '../../../../../../Users/Isak/Documents/Unreal Projects/MyProject6/Content/Geometry/Blueprints/saccadeDemo.uasset'
[2020.12.10-03.52.45:481][242]BlueprintLog: New page: Compile saccadeDemo
[2020.12.10-03.52.45:702][242]LogUObjectHash: Compacting FUObjectHashTables data took   5.28ms
[2020.12.10-03.53.08:737][702]LogSlate: FSceneViewport::OnFocusLost() reason 0
[2020.12.10-03.53.08:804][710]LogTemp: Repeating last play command: Selected Viewport
[2020.12.10-03.53.08:815][710]LogBlueprintUserMessages: Early PlayInEditor Detection: Level '/Game/VirtualRealityBP/Maps/StartupMap.StartupMap:PersistentLevel' has LevelScriptBlueprint '/Game/VirtualRealityBP/Maps/StartupMap.StartupMap:PersistentLevel.StartupMap' with GeneratedClass '/Game/VirtualRealityBP/Maps/StartupMap.StartupMap_C' with ClassGeneratedBy '/Game/VirtualRealityBP/Maps/StartupMap.StartupMap:PersistentLevel.StartupMap'
[2020.12.10-03.53.08:815][710]LogPlayLevel: PlayLevel: No blueprints needed recompiling
[2020.12.10-03.53.08:815][710]PIE: New page: PIE session: StartupMap (Dec 9, 2020, 11:53:08 AM)
[2020.12.10-03.53.08:816][710]LogOnline: OSS: Creating online subsystem instance for: NULL
[2020.12.10-03.53.08:818][710]LogPlayLevel: Creating play world package: /Game/VirtualRealityBP/Maps/UEDPIE_0_StartupMap
[2020.12.10-03.53.08:822][710]LogPlayLevel: PIE: StaticDuplicateObject took: (0.003884s)
[2020.12.10-03.53.08:822][710]LogAIModule: Creating AISystem for world StartupMap
[2020.12.10-03.53.08:823][710]LogPlayLevel: PIE: World Init took: (0.000869s)
[2020.12.10-03.53.08:823][710]LogPlayLevel: PIE: Created PIE world by copying editor world from /Game/VirtualRealityBP/Maps/StartupMap.StartupMap to /Game/VirtualRealityBP/Maps/UEDPIE_0_StartupMap.StartupMap (0.005042s)
[2020.12.10-03.53.08:860][710]LogUObjectHash: Compacting FUObjectHashTables data took   4.05ms
[2020.12.10-03.53.08:875][710]LogInit: XAudio2 using 'Headphones (High Definition Audio Device)' : 2 channels at 48 kHz using 16 bits per sample (channel mask 0x3)
[2020.12.10-03.53.08:885][710]LogInit: FAudioDevice initialized.
[2020.12.10-03.53.08:897][710]LogLoad: Game class is 'GameModeBase'
[2020.12.10-03.53.08:899][710]LogWorld: Bringing World /Game/VirtualRealityBP/Maps/UEDPIE_0_StartupMap.StartupMap up for play (max tick rate 0) at 2020.12.09-19.53.08
[2020.12.10-03.53.08:899][710]LogWorld: Bringing up level for play took: 0.000987
[2020.12.10-03.53.08:899][710]LogOnline: OSS: Creating online subsystem instance for: :Context_7
[2020.12.10-03.53.08:910][710]LogContentBrowser: Native class hierarchy updated for 'MovieSceneCapture' in 0.0004 seconds. Added 20 classes and 0 folders.
[2020.12.10-03.53.08:910][710]PIE: Play in editor start time for /Game/VirtualRealityBP/Maps/UEDPIE_0_StartupMap 0.275
[2020.12.10-03.53.08:910][710]LogBlueprintUserMessages: Late PlayInEditor Detection: Level '/Game/VirtualRealityBP/Maps/StartupMap.StartupMap:PersistentLevel' has LevelScriptBlueprint '/Game/VirtualRealityBP/Maps/StartupMap.StartupMap:PersistentLevel.StartupMap' with GeneratedClass '/Game/VirtualRealityBP/Maps/StartupMap.StartupMap_C' with ClassGeneratedBy '/Game/VirtualRealityBP/Maps/StartupMap.StartupMap:PersistentLevel.StartupMap'
[2020.12.10-03.53.19:018][884]LogBlueprintUserMessages: Early EndPlayMap Detection: Level '/Game/VirtualRealityBP/Maps/StartupMap.StartupMap:PersistentLevel' has LevelScriptBlueprint '/Game/VirtualRealityBP/Maps/StartupMap.StartupMap:PersistentLevel.StartupMap' with GeneratedClass '/Game/VirtualRealityBP/Maps/StartupMap.StartupMap_C' with ClassGeneratedBy '/Game/VirtualRealityBP/Maps/StartupMap.StartupMap:PersistentLevel.StartupMap'
[2020.12.10-03.53.19:018][884]LogSlate: Updating window title bar state: overlay mode, drag disabled, window buttons hidden, title bar hidden
[2020.12.10-03.53.19:018][884]LogWorld: BeginTearingDown for /Game/VirtualRealityBP/Maps/UEDPIE_0_StartupMap
[2020.12.10-03.53.19:018][884]LogWorld: UWorld::CleanupWorld for StartupMap, bSessionEnded=true, bCleanupResources=true
[2020.12.10-03.53.19:029][884]LogPlayLevel: Display: Shutting down PIE online subsystems
[2020.12.10-03.53.19:037][884]LogBlueprintUserMessages: Late EndPlayMap Detection: Level '/Game/VirtualRealityBP/Maps/StartupMap.StartupMap:PersistentLevel' has LevelScriptBlueprint '/Game/VirtualRealityBP/Maps/StartupMap.StartupMap:PersistentLevel.StartupMap' with GeneratedClass '/Game/VirtualRealityBP/Maps/StartupMap.StartupMap_C' with ClassGeneratedBy '/Game/VirtualRealityBP/Maps/StartupMap.StartupMap:PersistentLevel.StartupMap'
[2020.12.10-03.53.19:093][884]LogSlate: Updating window title bar state: overlay mode, drag disabled, window buttons hidden, title bar hidden
[2020.12.10-03.53.19:130][884]LogUObjectHash: Compacting FUObjectHashTables data took   4.79ms
[2020.12.10-03.53.19:145][885]LogPlayLevel: Display: Destroying online subsystem :Context_7
[2020.12.10-03.53.22:773][301]LogEditorViewport: Clicking on Actor (LMB): saccadeDemo_C (saccadeDemo)
[2020.12.10-03.53.32:154][351]LogSlate: FSceneViewport::OnFocusLost() reason 5
[2020.12.10-03.53.32:226][351]LogSlate: FSceneViewport::OnFocusLost() reason 5
[2020.12.10-03.53.32:299][351]LogUObjectHash: Compacting FUObjectHashTables data took   4.05ms
[2020.12.10-03.53.32:499][351]LogSavePackage: Moving '../../../../../../Users/Isak/Documents/Unreal Projects/MyProject6/Saved/StartupMap4BD785AD408516C71585C0B993FA542A.tmp' to '../../../../../../Users/Isak/Documents/Unreal Projects/MyProject6/Content/VirtualRealityBP/Maps/StartupMap.umap'
[2020.12.10-03.53.32:499][351]LogFileManager: Warning: DeleteFile was unable to delete '../../../../../../Users/Isak/Documents/Unreal Projects/MyProject6/Content/VirtualRealityBP/Maps/StartupMap.umap', retrying in .5s...
[2020.12.10-03.53.33:000][351]LogFileManager: Error: Error deleting file '../../../../../../Users/Isak/Documents/Unreal Projects/MyProject6/Content/VirtualRealityBP/Maps/StartupMap.umap'.
[2020.12.10-03.53.33:000][351]LogSavePackage: Error: Error saving '../../../../../../Users/Isak/Documents/Unreal Projects/MyProject6/Content/VirtualRealityBP/Maps/StartupMap.umap'
[2020.12.10-03.53.33:011][351]EditorErrors: New page: Save Output
[2020.12.10-03.53.33:011][351]EditorErrors: Warning: Error saving '../../../../../../Users/Isak/Documents/Unreal Projects/MyProject6/Content/VirtualRealityBP/Maps/StartupMap.umap'
[2020.12.10-03.53.34:679][529]LogSlate: Window 'Message Log' being destroyed
[2020.12.10-03.53.34:683][529]LogSlate: Window 'Message Log' being destroyed
[2020.12.10-03.53.41:866][349]LogSlate: FSceneViewport::OnFocusLost() reason 5
[2020.12.10-03.53.45:473][602]LogTemp: Repeating last play command: Selected Viewport
[2020.12.10-03.53.45:480][602]LogBlueprintUserMessages: Early PlayInEditor Detection: Level '/Game/VirtualRealityBP/Maps/StartupMap.StartupMap:PersistentLevel' has LevelScriptBlueprint '/Game/VirtualRealityBP/Maps/StartupMap.StartupMap:PersistentLevel.StartupMap' with GeneratedClass '/Game/VirtualRealityBP/Maps/StartupMap.StartupMap_C' with ClassGeneratedBy '/Game/VirtualRealityBP/Maps/StartupMap.StartupMap:PersistentLevel.StartupMap'
[2020.12.10-03.53.45:480][602]LogPlayLevel: PlayLevel: No blueprints needed recompiling
[2020.12.10-03.53.45:480][602]PIE: New page: PIE session: StartupMap (Dec 9, 2020, 11:53:45 AM)
[2020.12.10-03.53.45:480][602]LogPlayLevel: Creating play world package: /Game/VirtualRealityBP/Maps/UEDPIE_0_StartupMap
[2020.12.10-03.53.45:483][602]LogPlayLevel: PIE: StaticDuplicateObject took: (0.002983s)
[2020.12.10-03.53.45:484][602]LogAIModule: Creating AISystem for world StartupMap
[2020.12.10-03.53.45:484][602]LogPlayLevel: PIE: World Init took: (0.000956s)
[2020.12.10-03.53.45:484][602]LogPlayLevel: PIE: Created PIE world by copying editor world from /Game/VirtualRealityBP/Maps/StartupMap.StartupMap to /Game/VirtualRealityBP/Maps/UEDPIE_0_StartupMap.StartupMap (0.004060s)
[2020.12.10-03.53.45:524][602]LogUObjectHash: Compacting FUObjectHashTables data took   4.41ms
[2020.12.10-03.53.45:537][602]LogInit: XAudio2 using 'Headphones (High Definition Audio Device)' : 2 channels at 48 kHz using 16 bits per sample (channel mask 0x3)
[2020.12.10-03.53.45:546][602]LogInit: FAudioDevice initialized.
[2020.12.10-03.53.45:558][602]LogLoad: Game class is 'GameModeBase'
[2020.12.10-03.53.45:559][602]LogWorld: Bringing World /Game/VirtualRealityBP/Maps/UEDPIE_0_StartupMap.StartupMap up for play (max tick rate 0) at 2020.12.09-19.53.45
[2020.12.10-03.53.45:560][602]LogWorld: Bringing up level for play took: 0.000878
[2020.12.10-03.53.45:560][602]LogOnline: OSS: Creating online subsystem instance for: :Context_8
[2020.12.10-03.53.45:561][602]PIE: Play in editor start time for /Game/VirtualRealityBP/Maps/UEDPIE_0_StartupMap 0.926
[2020.12.10-03.53.45:562][602]LogBlueprintUserMessages: Late PlayInEditor Detection: Level '/Game/VirtualRealityBP/Maps/StartupMap.StartupMap:PersistentLevel' has LevelScriptBlueprint '/Game/VirtualRealityBP/Maps/StartupMap.StartupMap:PersistentLevel.StartupMap' with GeneratedClass '/Game/VirtualRealityBP/Maps/StartupMap.StartupMap_C' with ClassGeneratedBy '/Game/VirtualRealityBP/Maps/StartupMap.StartupMap:PersistentLevel.StartupMap'
[2020.12.10-03.54.16:249][ 17]LogBlueprintUserMessages: Early EndPlayMap Detection: Level '/Game/VirtualRealityBP/Maps/StartupMap.StartupMap:PersistentLevel' has LevelScriptBlueprint '/Game/VirtualRealityBP/Maps/StartupMap.StartupMap:PersistentLevel.StartupMap' with GeneratedClass '/Game/VirtualRealityBP/Maps/StartupMap.StartupMap_C' with ClassGeneratedBy '/Game/VirtualRealityBP/Maps/StartupMap.StartupMap:PersistentLevel.StartupMap'
[2020.12.10-03.54.16:249][ 17]LogSlate: Updating window title bar state: overlay mode, drag disabled, window buttons hidden, title bar hidden
[2020.12.10-03.54.16:249][ 17]LogWorld: BeginTearingDown for /Game/VirtualRealityBP/Maps/UEDPIE_0_StartupMap
[2020.12.10-03.54.16:250][ 17]LogWorld: UWorld::CleanupWorld for StartupMap, bSessionEnded=true, bCleanupResources=true
[2020.12.10-03.54.16:267][ 17]LogPlayLevel: Display: Shutting down PIE online subsystems
[2020.12.10-03.54.16:267][ 17]LogBlueprintUserMessages: Late EndPlayMap Detection: Level '/Game/VirtualRealityBP/Maps/StartupMap.StartupMap:PersistentLevel' has LevelScriptBlueprint '/Game/VirtualRealityBP/Maps/StartupMap.StartupMap:PersistentLevel.StartupMap' with GeneratedClass '/Game/VirtualRealityBP/Maps/StartupMap.StartupMap_C' with ClassGeneratedBy '/Game/VirtualRealityBP/Maps/StartupMap.StartupMap:PersistentLevel.StartupMap'
[2020.12.10-03.54.16:310][ 17]LogSlate: Updating window title bar state: overlay mode, drag disabled, window buttons hidden, title bar hidden
[2020.12.10-03.54.16:314][ 17]LogUObjectHash: Compacting FUObjectHashTables data took   3.27ms
[2020.12.10-03.54.16:351][ 20]LogPlayLevel: Display: Destroying online subsystem :Context_8
[2020.12.10-03.54.22:406][645]LogEditorViewport: Clicking on Actor (LMB): saccadeDemo_C (saccadeDemo)
[2020.12.10-03.54.25:426][  0]LogEditorViewport: Clicking Background
[2020.12.10-03.54.26:767][158]LogSlate: FSceneViewport::OnFocusLost() reason 0
[2020.12.10-03.54.26:842][167]LogTemp: Repeating last play command: Selected Viewport
[2020.12.10-03.54.26:848][167]LogBlueprintUserMessages: Early PlayInEditor Detection: Level '/Game/VirtualRealityBP/Maps/StartupMap.StartupMap:PersistentLevel' has LevelScriptBlueprint '/Game/VirtualRealityBP/Maps/StartupMap.StartupMap:PersistentLevel.StartupMap' with GeneratedClass '/Game/VirtualRealityBP/Maps/StartupMap.StartupMap_C' with ClassGeneratedBy '/Game/VirtualRealityBP/Maps/StartupMap.StartupMap:PersistentLevel.StartupMap'
[2020.12.10-03.54.26:848][167]LogPlayLevel: PlayLevel: No blueprints needed recompiling
[2020.12.10-03.54.26:849][167]PIE: New page: PIE session: StartupMap (Dec 9, 2020, 11:54:26 AM)
[2020.12.10-03.54.26:849][167]LogPlayLevel: Creating play world package: /Game/VirtualRealityBP/Maps/UEDPIE_0_StartupMap
[2020.12.10-03.54.26:852][167]LogPlayLevel: PIE: StaticDuplicateObject took: (0.002844s)
[2020.12.10-03.54.26:852][167]LogAIModule: Creating AISystem for world StartupMap
[2020.12.10-03.54.26:853][167]LogPlayLevel: PIE: World Init took: (0.001236s)
[2020.12.10-03.54.26:853][167]LogPlayLevel: PIE: Created PIE world by copying editor world from /Game/VirtualRealityBP/Maps/StartupMap.StartupMap to /Game/VirtualRealityBP/Maps/UEDPIE_0_StartupMap.StartupMap (0.004268s)
[2020.12.10-03.54.26:892][167]LogUObjectHash: Compacting FUObjectHashTables data took   3.04ms
[2020.12.10-03.54.26:905][167]LogInit: XAudio2 using 'Headphones (High Definition Audio Device)' : 2 channels at 48 kHz using 16 bits per sample (channel mask 0x3)
[2020.12.10-03.54.26:913][167]LogInit: FAudioDevice initialized.
[2020.12.10-03.54.26:925][167]LogLoad: Game class is 'GameModeBase'
[2020.12.10-03.54.26:926][167]LogWorld: Bringing World /Game/VirtualRealityBP/Maps/UEDPIE_0_StartupMap.StartupMap up for play (max tick rate 0) at 2020.12.09-19.54.26
[2020.12.10-03.54.26:927][167]LogWorld: Bringing up level for play took: 0.000932
[2020.12.10-03.54.26:927][167]LogOnline: OSS: Creating online subsystem instance for: :Context_9
[2020.12.10-03.54.26:928][167]PIE: Play in editor start time for /Game/VirtualRealityBP/Maps/UEDPIE_0_StartupMap 0.293
[2020.12.10-03.54.26:928][167]LogBlueprintUserMessages: Late PlayInEditor Detection: Level '/Game/VirtualRealityBP/Maps/StartupMap.StartupMap:PersistentLevel' has LevelScriptBlueprint '/Game/VirtualRealityBP/Maps/StartupMap.StartupMap:PersistentLevel.StartupMap' with GeneratedClass '/Game/VirtualRealityBP/Maps/StartupMap.StartupMap_C' with ClassGeneratedBy '/Game/VirtualRealityBP/Maps/StartupMap.StartupMap:PersistentLevel.StartupMap'
[2020.12.10-03.54.32:942][887]LogBlueprintUserMessages: Early EndPlayMap Detection: Level '/Game/VirtualRealityBP/Maps/StartupMap.StartupMap:PersistentLevel' has LevelScriptBlueprint '/Game/VirtualRealityBP/Maps/StartupMap.StartupMap:PersistentLevel.StartupMap' with GeneratedClass '/Game/VirtualRealityBP/Maps/StartupMap.StartupMap_C' with ClassGeneratedBy '/Game/VirtualRealityBP/Maps/StartupMap.StartupMap:PersistentLevel.StartupMap'
[2020.12.10-03.54.32:943][887]LogSlate: Updating window title bar state: overlay mode, drag disabled, window buttons hidden, title bar hidden
[2020.12.10-03.54.32:943][887]LogWorld: BeginTearingDown for /Game/VirtualRealityBP/Maps/UEDPIE_0_StartupMap
[2020.12.10-03.54.32:943][887]LogWorld: UWorld::CleanupWorld for StartupMap, bSessionEnded=true, bCleanupResources=true
[2020.12.10-03.54.32:956][887]LogPlayLevel: Display: Shutting down PIE online subsystems
[2020.12.10-03.54.32:957][887]LogBlueprintUserMessages: Late EndPlayMap Detection: Level '/Game/VirtualRealityBP/Maps/StartupMap.StartupMap:PersistentLevel' has LevelScriptBlueprint '/Game/VirtualRealityBP/Maps/StartupMap.StartupMap:PersistentLevel.StartupMap' with GeneratedClass '/Game/VirtualRealityBP/Maps/StartupMap.StartupMap_C' with ClassGeneratedBy '/Game/VirtualRealityBP/Maps/StartupMap.StartupMap:PersistentLevel.StartupMap'
[2020.12.10-03.54.32:994][887]LogSlate: Updating window title bar state: overlay mode, drag disabled, window buttons hidden, title bar hidden
[2020.12.10-03.54.32:998][887]LogUObjectHash: Compacting FUObjectHashTables data took   3.05ms
[2020.12.10-03.54.33:041][891]LogPlayLevel: Display: Destroying online subsystem :Context_9
[2020.12.10-03.54.56:370][637]LogSlate: FSceneViewport::OnFocusLost() reason 5
[2020.12.10-03.57.00:689][133]LogSlate: FSceneViewport::OnFocusLost() reason 5
[2020.12.10-03.57.00:705][133]Cmd: OBJ SAVEPACKAGE PACKAGE="/Game/Geometry/Blueprints/saccadeDemo" FILE="../../../../../../Users/Isak/Documents/Unreal Projects/MyProject6/Content/Geometry/Blueprints/saccadeDemo.uasset" SILENT=true
[2020.12.10-03.57.00:724][133]LogSavePackage: Moving '../../../../../../Users/Isak/Documents/Unreal Projects/MyProject6/Saved/saccadeDemo650A5DBB4A29FC855E851DBC848C742C.tmp' to '../../../../../../Users/Isak/Documents/Unreal Projects/MyProject6/Content/Geometry/Blueprints/saccadeDemo.uasset'
[2020.12.10-03.57.02:944][378]LogSlate: FSceneViewport::OnFocusLost() reason 0
[2020.12.10-03.57.06:219][750]LogEditorSessionSummary: EditorSessionSummary sent report. Type=Shutdown, SessionId={A7B10930-4C90-DF7C-0D6E-5EA773913080}
[2020.12.10-03.57.12:567][472]LogSlate: FSceneViewport::OnFocusLost() reason 5
[2020.12.10-03.57.12:581][472]Cmd: OBJ SAVEPACKAGE PACKAGE="/Game/Geometry/Blueprints/saccadeDemo" FILE="../../../../../../Users/Isak/Documents/Unreal Projects/MyProject6/Content/Geometry/Blueprints/saccadeDemo.uasset" SILENT=true
[2020.12.10-03.57.12:601][472]LogSavePackage: Moving '../../../../../../Users/Isak/Documents/Unreal Projects/MyProject6/Saved/saccadeDemo4829550541C5913C48F2338576024573.tmp' to '../../../../../../Users/Isak/Documents/Unreal Projects/MyProject6/Content/Geometry/Blueprints/saccadeDemo.uasset'
[2020.12.10-03.57.13:206][532]LogSlate: FSceneViewport::OnFocusLost() reason 0
[2020.12.10-03.57.13:249][537]BlueprintLog: New page: Compile saccadeDemo
[2020.12.10-03.57.13:466][537]LogUObjectHash: Compacting FUObjectHashTables data took   3.96ms
[2020.12.10-03.57.18:528][107]LogEditorViewport: Clicking on Actor (LMB): saccadeDemo_C (saccadeDemo)
[2020.12.10-03.57.20:712][363]LogEditorViewport: Clicking Background
[2020.12.10-03.57.21:417][446]LogSlate: FSceneViewport::OnFocusLost() reason 0
[2020.12.10-03.57.21:450][450]LogTemp: Repeating last play command: Selected Viewport
[2020.12.10-03.57.21:459][450]LogBlueprintUserMessages: Early PlayInEditor Detection: Level '/Game/VirtualRealityBP/Maps/StartupMap.StartupMap:PersistentLevel' has LevelScriptBlueprint '/Game/VirtualRealityBP/Maps/StartupMap.StartupMap:PersistentLevel.StartupMap' with GeneratedClass '/Game/VirtualRealityBP/Maps/StartupMap.StartupMap_C' with ClassGeneratedBy '/Game/VirtualRealityBP/Maps/StartupMap.StartupMap:PersistentLevel.StartupMap'
[2020.12.10-03.57.21:459][450]LogPlayLevel: PlayLevel: No blueprints needed recompiling
[2020.12.10-03.57.21:459][450]PIE: New page: PIE session: StartupMap (Dec 9, 2020, 11:57:21 AM)
[2020.12.10-03.57.21:459][450]LogPlayLevel: Creating play world package: /Game/VirtualRealityBP/Maps/UEDPIE_0_StartupMap
[2020.12.10-03.57.21:465][450]LogPlayLevel: PIE: StaticDuplicateObject took: (0.005730s)
[2020.12.10-03.57.21:466][450]LogAIModule: Creating AISystem for world StartupMap
[2020.12.10-03.57.21:468][450]LogPlayLevel: PIE: World Init took: (0.002453s)
[2020.12.10-03.57.21:468][450]LogPlayLevel: PIE: Created PIE world by copying editor world from /Game/VirtualRealityBP/Maps/StartupMap.StartupMap to /Game/VirtualRealityBP/Maps/UEDPIE_0_StartupMap.StartupMap (0.008360s)
[2020.12.10-03.57.21:505][450]LogUObjectHash: Compacting FUObjectHashTables data took   4.09ms
[2020.12.10-03.57.21:520][450]LogInit: XAudio2 using 'Headphones (High Definition Audio Device)' : 2 channels at 48 kHz using 16 bits per sample (channel mask 0x3)
[2020.12.10-03.57.21:531][450]LogInit: FAudioDevice initialized.
[2020.12.10-03.57.21:543][450]LogLoad: Game class is 'GameModeBase'
[2020.12.10-03.57.21:544][450]LogWorld: Bringing World /Game/VirtualRealityBP/Maps/UEDPIE_0_StartupMap.StartupMap up for play (max tick rate 0) at 2020.12.09-19.57.21
[2020.12.10-03.57.21:545][450]LogWorld: Bringing up level for play took: 0.001385
[2020.12.10-03.57.21:545][450]LogOnline: OSS: Creating online subsystem instance for: :Context_10
[2020.12.10-03.57.21:547][450]PIE: Play in editor start time for /Game/VirtualRealityBP/Maps/UEDPIE_0_StartupMap 0.912
[2020.12.10-03.57.21:547][450]LogBlueprintUserMessages: Late PlayInEditor Detection: Level '/Game/VirtualRealityBP/Maps/StartupMap.StartupMap:PersistentLevel' has LevelScriptBlueprint '/Game/VirtualRealityBP/Maps/StartupMap.StartupMap:PersistentLevel.StartupMap' with GeneratedClass '/Game/VirtualRealityBP/Maps/StartupMap.StartupMap_C' with ClassGeneratedBy '/Game/VirtualRealityBP/Maps/StartupMap.StartupMap:PersistentLevel.StartupMap'
[2020.12.10-03.57.41:759][868]LogBlueprintUserMessages: Early EndPlayMap Detection: Level '/Game/VirtualRealityBP/Maps/StartupMap.StartupMap:PersistentLevel' has LevelScriptBlueprint '/Game/VirtualRealityBP/Maps/StartupMap.StartupMap:PersistentLevel.StartupMap' with GeneratedClass '/Game/VirtualRealityBP/Maps/StartupMap.StartupMap_C' with ClassGeneratedBy '/Game/VirtualRealityBP/Maps/StartupMap.StartupMap:PersistentLevel.StartupMap'
[2020.12.10-03.57.41:760][868]LogSlate: Updating window title bar state: overlay mode, drag disabled, window buttons hidden, title bar hidden
[2020.12.10-03.57.41:760][868]LogWorld: BeginTearingDown for /Game/VirtualRealityBP/Maps/UEDPIE_0_StartupMap
[2020.12.10-03.57.41:760][868]LogWorld: UWorld::CleanupWorld for StartupMap, bSessionEnded=true, bCleanupResources=true
[2020.12.10-03.57.41:774][868]LogPlayLevel: Display: Shutting down PIE online subsystems
[2020.12.10-03.57.41:774][868]LogBlueprintUserMessages: Late EndPlayMap Detection: Level '/Game/VirtualRealityBP/Maps/StartupMap.StartupMap:PersistentLevel' has LevelScriptBlueprint '/Game/VirtualRealityBP/Maps/StartupMap.StartupMap:PersistentLevel.StartupMap' with GeneratedClass '/Game/VirtualRealityBP/Maps/StartupMap.StartupMap_C' with ClassGeneratedBy '/Game/VirtualRealityBP/Maps/StartupMap.StartupMap:PersistentLevel.StartupMap'
[2020.12.10-03.57.41:811][868]LogSlate: Updating window title bar state: overlay mode, drag disabled, window buttons hidden, title bar hidden
[2020.12.10-03.57.41:816][868]LogUObjectHash: Compacting FUObjectHashTables data took   3.51ms
[2020.12.10-03.57.41:867][873]LogPlayLevel: Display: Destroying online subsystem :Context_10
[2020.12.10-03.57.52:987][186]LogSlate: FSceneViewport::OnFocusLost() reason 5
[2020.12.10-03.58.00:310][914]LogSlate: FSceneViewport::OnFocusLost() reason 5
[2020.12.10-03.58.00:324][914]Cmd: OBJ SAVEPACKAGE PACKAGE="/Game/Geometry/Blueprints/saccadeDemo" FILE="../../../../../../Users/Isak/Documents/Unreal Projects/MyProject6/Content/Geometry/Blueprints/saccadeDemo.uasset" SILENT=true
[2020.12.10-03.58.00:345][914]LogSavePackage: Moving '../../../../../../Users/Isak/Documents/Unreal Projects/MyProject6/Saved/saccadeDemo4CCE512442EEBA8E270B5DB9F1945470.tmp' to '../../../../../../Users/Isak/Documents/Unreal Projects/MyProject6/Content/Geometry/Blueprints/saccadeDemo.uasset'
[2020.12.10-03.58.02:175][ 98]LogSlate: FSceneViewport::OnFocusLost() reason 0
[2020.12.10-03.58.04:786][368]BlueprintLog: New page: Compile saccadeDemo
[2020.12.10-03.58.05:007][368]LogUObjectHash: Compacting FUObjectHashTables data took   4.36ms
[2020.12.10-03.58.07:293][604]LogSlate: FSceneViewport::OnFocusLost() reason 0
[2020.12.10-03.58.07:360][612]LogTemp: Repeating last play command: Selected Viewport
[2020.12.10-03.58.07:366][612]LogBlueprintUserMessages: Early PlayInEditor Detection: Level '/Game/VirtualRealityBP/Maps/StartupMap.StartupMap:PersistentLevel' has LevelScriptBlueprint '/Game/VirtualRealityBP/Maps/StartupMap.StartupMap:PersistentLevel.StartupMap' with GeneratedClass '/Game/VirtualRealityBP/Maps/StartupMap.StartupMap_C' with ClassGeneratedBy '/Game/VirtualRealityBP/Maps/StartupMap.StartupMap:PersistentLevel.StartupMap'
[2020.12.10-03.58.07:366][612]LogPlayLevel: PlayLevel: No blueprints needed recompiling
[2020.12.10-03.58.07:366][612]PIE: New page: PIE session: StartupMap (Dec 9, 2020, 11:58:07 AM)
[2020.12.10-03.58.07:366][612]LogPlayLevel: Creating play world package: /Game/VirtualRealityBP/Maps/UEDPIE_0_StartupMap
[2020.12.10-03.58.07:369][612]LogPlayLevel: PIE: StaticDuplicateObject took: (0.002758s)
[2020.12.10-03.58.07:370][612]LogAIModule: Creating AISystem for world StartupMap
[2020.12.10-03.58.07:370][612]LogPlayLevel: PIE: World Init took: (0.000874s)
[2020.12.10-03.58.07:370][612]LogPlayLevel: PIE: Created PIE world by copying editor world from /Game/VirtualRealityBP/Maps/StartupMap.StartupMap to /Game/VirtualRealityBP/Maps/UEDPIE_0_StartupMap.StartupMap (0.003747s)
[2020.12.10-03.58.07:410][612]LogUObjectHash: Compacting FUObjectHashTables data took   4.41ms
[2020.12.10-03.58.07:424][612]LogInit: XAudio2 using 'Headphones (High Definition Audio Device)' : 2 channels at 48 kHz using 16 bits per sample (channel mask 0x3)
[2020.12.10-03.58.07:433][612]LogInit: FAudioDevice initialized.
[2020.12.10-03.58.07:439][612]LogLoad: Game class is 'GameModeBase'
[2020.12.10-03.58.07:441][612]LogWorld: Bringing World /Game/VirtualRealityBP/Maps/UEDPIE_0_StartupMap.StartupMap up for play (max tick rate 0) at 2020.12.09-19.58.07
[2020.12.10-03.58.07:441][612]LogWorld: Bringing up level for play took: 0.000939
[2020.12.10-03.58.07:441][612]LogOnline: OSS: Creating online subsystem instance for: :Context_11
[2020.12.10-03.58.07:443][612]PIE: Play in editor start time for /Game/VirtualRealityBP/Maps/UEDPIE_0_StartupMap 0.808
[2020.12.10-03.58.07:443][612]LogBlueprintUserMessages: Late PlayInEditor Detection: Level '/Game/VirtualRealityBP/Maps/StartupMap.StartupMap:PersistentLevel' has LevelScriptBlueprint '/Game/VirtualRealityBP/Maps/StartupMap.StartupMap:PersistentLevel.StartupMap' with GeneratedClass '/Game/VirtualRealityBP/Maps/StartupMap.StartupMap_C' with ClassGeneratedBy '/Game/VirtualRealityBP/Maps/StartupMap.StartupMap:PersistentLevel.StartupMap'
[2020.12.10-03.58.31:215][463]LogBlueprintUserMessages: Early EndPlayMap Detection: Level '/Game/VirtualRealityBP/Maps/StartupMap.StartupMap:PersistentLevel' has LevelScriptBlueprint '/Game/VirtualRealityBP/Maps/StartupMap.StartupMap:PersistentLevel.StartupMap' with GeneratedClass '/Game/VirtualRealityBP/Maps/StartupMap.StartupMap_C' with ClassGeneratedBy '/Game/VirtualRealityBP/Maps/StartupMap.StartupMap:PersistentLevel.StartupMap'
[2020.12.10-03.58.31:215][463]LogSlate: Updating window title bar state: overlay mode, drag disabled, window buttons hidden, title bar hidden
[2020.12.10-03.58.31:215][463]LogWorld: BeginTearingDown for /Game/VirtualRealityBP/Maps/UEDPIE_0_StartupMap
[2020.12.10-03.58.31:215][463]LogWorld: UWorld::CleanupWorld for StartupMap, bSessionEnded=true, bCleanupResources=true
[2020.12.10-03.58.31:230][463]LogPlayLevel: Display: Shutting down PIE online subsystems
[2020.12.10-03.58.31:230][463]LogBlueprintUserMessages: Late EndPlayMap Detection: Level '/Game/VirtualRealityBP/Maps/StartupMap.StartupMap:PersistentLevel' has LevelScriptBlueprint '/Game/VirtualRealityBP/Maps/StartupMap.StartupMap:PersistentLevel.StartupMap' with GeneratedClass '/Game/VirtualRealityBP/Maps/StartupMap.StartupMap_C' with ClassGeneratedBy '/Game/VirtualRealityBP/Maps/StartupMap.StartupMap:PersistentLevel.StartupMap'
[2020.12.10-03.58.31:271][463]LogSlate: Updating window title bar state: overlay mode, drag disabled, window buttons hidden, title bar hidden
[2020.12.10-03.58.31:275][463]LogUObjectHash: Compacting FUObjectHashTables data took   3.15ms
[2020.12.10-03.58.31:320][467]LogPlayLevel: Display: Destroying online subsystem :Context_11
[2020.12.10-03.58.37:927][204]LogSlate: FSceneViewport::OnFocusLost() reason 5
[2020.12.10-03.58.55:636][ 62]LogSlate: FSceneViewport::OnFocusLost() reason 5
[2020.12.10-03.58.55:651][ 62]Cmd: OBJ SAVEPACKAGE PACKAGE="/Game/Geometry/Blueprints/saccadeDemo" FILE="../../../../../../Users/Isak/Documents/Unreal Projects/MyProject6/Content/Geometry/Blueprints/saccadeDemo.uasset" SILENT=true
[2020.12.10-03.58.55:670][ 62]LogSavePackage: Moving '../../../../../../Users/Isak/Documents/Unreal Projects/MyProject6/Saved/saccadeDemoFAE044A94C7610697969E8B999AAC76C.tmp' to '../../../../../../Users/Isak/Documents/Unreal Projects/MyProject6/Content/Geometry/Blueprints/saccadeDemo.uasset'
[2020.12.10-03.58.57:230][217]LogSlate: FSceneViewport::OnFocusLost() reason 0
[2020.12.10-03.58.57:282][222]BlueprintLog: New page: Compile saccadeDemo
[2020.12.10-03.58.57:506][222]LogUObjectHash: Compacting FUObjectHashTables data took   4.44ms
[2020.12.10-03.59.01:515][671]LogSlate: FSceneViewport::OnFocusLost() reason 0
[2020.12.10-03.59.01:590][680]LogTemp: Repeating last play command: Selected Viewport
[2020.12.10-03.59.01:596][680]LogBlueprintUserMessages: Early PlayInEditor Detection: Level '/Game/VirtualRealityBP/Maps/StartupMap.StartupMap:PersistentLevel' has LevelScriptBlueprint '/Game/VirtualRealityBP/Maps/StartupMap.StartupMap:PersistentLevel.StartupMap' with GeneratedClass '/Game/VirtualRealityBP/Maps/StartupMap.StartupMap_C' with ClassGeneratedBy '/Game/VirtualRealityBP/Maps/StartupMap.StartupMap:PersistentLevel.StartupMap'
[2020.12.10-03.59.01:596][680]LogPlayLevel: PlayLevel: No blueprints needed recompiling
[2020.12.10-03.59.01:596][680]PIE: New page: PIE session: StartupMap (Dec 9, 2020, 11:59:01 AM)
[2020.12.10-03.59.01:596][680]LogPlayLevel: Creating play world package: /Game/VirtualRealityBP/Maps/UEDPIE_0_StartupMap
[2020.12.10-03.59.01:600][680]LogPlayLevel: PIE: StaticDuplicateObject took: (0.003423s)
[2020.12.10-03.59.01:600][680]LogAIModule: Creating AISystem for world StartupMap
[2020.12.10-03.59.01:601][680]LogPlayLevel: PIE: World Init took: (0.000921s)
[2020.12.10-03.59.01:601][680]LogPlayLevel: PIE: Created PIE world by copying editor world from /Game/VirtualRealityBP/Maps/StartupMap.StartupMap to /Game/VirtualRealityBP/Maps/UEDPIE_0_StartupMap.StartupMap (0.004455s)
[2020.12.10-03.59.01:639][680]LogUObjectHash: Compacting FUObjectHashTables data took   5.77ms
[2020.12.10-03.59.01:654][680]LogInit: XAudio2 using 'Headphones (High Definition Audio Device)' : 2 channels at 48 kHz using 16 bits per sample (channel mask 0x3)
[2020.12.10-03.59.01:663][680]LogInit: FAudioDevice initialized.
[2020.12.10-03.59.01:670][680]LogLoad: Game class is 'GameModeBase'
[2020.12.10-03.59.01:672][680]LogWorld: Bringing World /Game/VirtualRealityBP/Maps/UEDPIE_0_StartupMap.StartupMap up for play (max tick rate 0) at 2020.12.09-19.59.01
[2020.12.10-03.59.01:672][680]LogWorld: Bringing up level for play took: 0.000783
[2020.12.10-03.59.01:672][680]LogOnline: OSS: Creating online subsystem instance for: :Context_12
[2020.12.10-03.59.01:674][680]PIE: Play in editor start time for /Game/VirtualRealityBP/Maps/UEDPIE_0_StartupMap 1.039
[2020.12.10-03.59.01:674][680]LogBlueprintUserMessages: Late PlayInEditor Detection: Level '/Game/VirtualRealityBP/Maps/StartupMap.StartupMap:PersistentLevel' has LevelScriptBlueprint '/Game/VirtualRealityBP/Maps/StartupMap.StartupMap:PersistentLevel.StartupMap' with GeneratedClass '/Game/VirtualRealityBP/Maps/StartupMap.StartupMap_C' with ClassGeneratedBy '/Game/VirtualRealityBP/Maps/StartupMap.StartupMap:PersistentLevel.StartupMap'
[2020.12.10-03.59.13:537][101]LogBlueprintUserMessages: Early EndPlayMap Detection: Level '/Game/VirtualRealityBP/Maps/StartupMap.StartupMap:PersistentLevel' has LevelScriptBlueprint '/Game/VirtualRealityBP/Maps/StartupMap.StartupMap:PersistentLevel.StartupMap' with GeneratedClass '/Game/VirtualRealityBP/Maps/StartupMap.StartupMap_C' with ClassGeneratedBy '/Game/VirtualRealityBP/Maps/StartupMap.StartupMap:PersistentLevel.StartupMap'
[2020.12.10-03.59.13:537][101]LogSlate: Updating window title bar state: overlay mode, drag disabled, window buttons hidden, title bar hidden
[2020.12.10-03.59.13:537][101]LogWorld: BeginTearingDown for /Game/VirtualRealityBP/Maps/UEDPIE_0_StartupMap
[2020.12.10-03.59.13:537][101]LogWorld: UWorld::CleanupWorld for StartupMap, bSessionEnded=true, bCleanupResources=true
[2020.12.10-03.59.13:551][101]LogPlayLevel: Display: Shutting down PIE online subsystems
[2020.12.10-03.59.13:551][101]LogBlueprintUserMessages: Late EndPlayMap Detection: Level '/Game/VirtualRealityBP/Maps/StartupMap.StartupMap:PersistentLevel' has LevelScriptBlueprint '/Game/VirtualRealityBP/Maps/StartupMap.StartupMap:PersistentLevel.StartupMap' with GeneratedClass '/Game/VirtualRealityBP/Maps/StartupMap.StartupMap_C' with ClassGeneratedBy '/Game/VirtualRealityBP/Maps/StartupMap.StartupMap:PersistentLevel.StartupMap'
[2020.12.10-03.59.13:594][101]LogSlate: Updating window title bar state: overlay mode, drag disabled, window buttons hidden, title bar hidden
[2020.12.10-03.59.13:598][101]LogUObjectHash: Compacting FUObjectHashTables data took   3.44ms
[2020.12.10-03.59.13:642][105]LogPlayLevel: Display: Destroying online subsystem :Context_12
[2020.12.10-03.59.14:648][225]LogSlate: FSceneViewport::OnFocusLost() reason 5
[2020.12.10-03.59.14:709][225]LogSlate: FSceneViewport::OnFocusLost() reason 5
[2020.12.10-03.59.14:747][225]LogUObjectHash: Compacting FUObjectHashTables data took   0.96ms
[2020.12.10-03.59.14:935][225]LogSavePackage: Moving '../../../../../../Users/Isak/Documents/Unreal Projects/MyProject6/Saved/StartupMap4A919B764FD7AA15A0C75E9AB4895F57.tmp' to '../../../../../../Users/Isak/Documents/Unreal Projects/MyProject6/Content/VirtualRealityBP/Maps/StartupMap.umap'
[2020.12.10-03.59.14:935][225]LogFileManager: Warning: DeleteFile was unable to delete '../../../../../../Users/Isak/Documents/Unreal Projects/MyProject6/Content/VirtualRealityBP/Maps/StartupMap.umap', retrying in .5s...
[2020.12.10-03.59.15:436][225]LogFileManager: Error: Error deleting file '../../../../../../Users/Isak/Documents/Unreal Projects/MyProject6/Content/VirtualRealityBP/Maps/StartupMap.umap'.
[2020.12.10-03.59.15:436][225]LogSavePackage: Error: Error saving '../../../../../../Users/Isak/Documents/Unreal Projects/MyProject6/Content/VirtualRealityBP/Maps/StartupMap.umap'
[2020.12.10-03.59.15:442][225]EditorErrors: New page: Save Output
[2020.12.10-03.59.15:442][225]EditorErrors: Warning: Error saving '../../../../../../Users/Isak/Documents/Unreal Projects/MyProject6/Content/VirtualRealityBP/Maps/StartupMap.umap'
[2020.12.10-03.59.25:330][383]LogSlate: Window 'Message Log' being destroyed
[2020.12.10-03.59.25:335][383]LogSlate: Window 'Message Log' being destroyed
[2020.12.10-03.59.28:434][746]LogSlate: FSceneViewport::OnFocusLost() reason 0
[2020.12.10-05.07.37:810][933]LogAudio: Warning: Current Audio Device with ID {0.0.0.00000000}.{a7a2f1e9-deda-4ec0-b0a6-0f9e82bd5640} was removed. Shutting down audio device.
[2020.12.10-05.07.37:810][933]LogInit: XAudio2 using '4 - LG ULTRAWIDE (AMD High Definition Audio Device)' : 2 channels at 48 kHz using 16 bits per sample (channel mask 0x3)
[2020.12.11-05.35.39:341][ 42]LogInit: XAudio2 using 'Headphones (High Definition Audio Device)' : 2 channels at 48 kHz using 16 bits per sample (channel mask 0x3)
[2020.12.12-00.54.47:755][106]LogD3D11RHI: Timed out while waiting for GPU to catch up. (500 ms)
[2020.12.12-00.54.48:089][107]LogD3D11RHI: Timed out while waiting for GPU to catch up. (500 ms)
[2020.12.12-00.54.48:589][108]LogD3D11RHI: Timed out while waiting for GPU to catch up. (500 ms)
[2020.12.12-00.54.49:089][109]LogD3D11RHI: Timed out while waiting for GPU to catch up. (500 ms)
[2020.12.12-00.54.49:589][110]LogD3D11RHI: Timed out while waiting for GPU to catch up. (500 ms)
[2020.12.12-00.54.50:089][111]LogD3D11RHI: Timed out while waiting for GPU to catch up. (500 ms)
[2020.12.12-00.54.50:590][112]LogD3D11RHI: Timed out while waiting for GPU to catch up. (500 ms)
[2020.12.12-00.54.51:089][113]LogD3D11RHI: Timed out while waiting for GPU to catch up. (500 ms)
[2020.12.12-00.54.51:589][114]LogD3D11RHI: Timed out while waiting for GPU to catch up. (500 ms)
[2020.12.12-00.54.52:089][115]LogD3D11RHI: Timed out while waiting for GPU to catch up. (500 ms)
[2020.12.12-00.54.52:589][116]LogD3D11RHI: Timed out while waiting for GPU to catch up. (500 ms)
[2020.12.12-00.54.53:089][117]LogD3D11RHI: Timed out while waiting for GPU to catch up. (500 ms)
[2020.12.12-00.54.53:589][118]LogD3D11RHI: Timed out while waiting for GPU to catch up. (500 ms)
[2020.12.12-02.21.50:394][622]LogD3D11RHI: Timed out while waiting for GPU to catch up. (500 ms)
[2020.12.12-02.21.50:735][623]LogD3D11RHI: Timed out while waiting for GPU to catch up. (500 ms)
[2020.12.12-02.21.51:230][624]LogD3D11RHI: Timed out while waiting for GPU to catch up. (500 ms)
[2020.12.12-02.21.51:730][625]LogD3D11RHI: Timed out while waiting for GPU to catch up. (500 ms)
[2020.12.12-02.21.52:230][626]LogD3D11RHI: Timed out while waiting for GPU to catch up. (500 ms)
[2020.12.12-02.21.52:730][627]LogD3D11RHI: Timed out while waiting for GPU to catch up. (500 ms)
[2020.12.12-02.21.53:230][628]LogD3D11RHI: Timed out while waiting for GPU to catch up. (500 ms)
[2020.12.12-02.21.53:730][629]LogD3D11RHI: Timed out while waiting for GPU to catch up. (500 ms)
[2020.12.12-02.21.54:230][630]LogD3D11RHI: Timed out while waiting for GPU to catch up. (500 ms)
[2020.12.12-02.21.54:730][631]LogD3D11RHI: Timed out while waiting for GPU to catch up. (500 ms)
[2020.12.12-02.21.55:230][632]LogD3D11RHI: Timed out while waiting for GPU to catch up. (500 ms)
[2020.12.12-02.21.55:731][633]LogD3D11RHI: Timed out while waiting for GPU to catch up. (500 ms)
[2020.12.12-02.21.56:231][634]LogD3D11RHI: Timed out while waiting for GPU to catch up. (500 ms)
[2020.12.12-02.21.56:731][635]LogD3D11RHI: Timed out while waiting for GPU to catch up. (500 ms)
[2020.12.12-02.47.27:146][857]LogUObjectHash: Compacting FUObjectHashTables data took   5.08ms
[2020.12.12-02.47.27:146][857]LogFileHelpers: Editor autosave (incl. sublevels) for '/Game/VirtualRealityBP/Maps/StartupMap' took 0.069
[2020.12.12-02.47.27:148][857]OBJ SavePackage: Generating thumbnails for [1] asset(s) in package [/Game/Geometry/Blueprints/saccadeDemo] ([1] browsable assets)...
[2020.12.12-02.47.27:162][857]OBJ SavePackage:     Rendered thumbnail for [Blueprint /Game/Geometry/Blueprints/saccadeDemo.saccadeDemo]
[2020.12.12-02.47.27:162][857]OBJ SavePackage: Finished generating thumbnails for package [/Game/Geometry/Blueprints/saccadeDemo]
[2020.12.12-02.47.27:190][857]LogSavePackage: Moving '../../../../../../Users/Isak/Documents/Unreal Projects/MyProject6/Saved/saccadeDemo_Auto17F949E4343DC707852306D9004AF2578.tmp' to '../../../../../../Users/Isak/Documents/Unreal Projects/MyProject6/Saved/Autosaves/Game/Geometry/Blueprints/saccadeDemo_Auto1.uasset'
[2020.12.12-02.47.27:192][857]LogFileHelpers: Auto-saving content packages took 0.044
[2020.12.12-02.54.59:308][694]LogEditorSessionSummary: EditorSessionSummary sent report. Type=Shutdown, SessionId={03C1FB5A-473B-7AF4-0F0F-7DB5B5B4E845}
[2020.12.12-02.57.27:616][136]LogUObjectHash: Compacting FUObjectHashTables data took   1.01ms
[2020.12.12-02.57.27:616][136]LogFileHelpers: Editor autosave (incl. sublevels) for '/Game/VirtualRealityBP/Maps/StartupMap' took 0.050
[2020.12.12-02.57.27:618][136]OBJ SavePackage: Generating thumbnails for [1] asset(s) in package [/Game/Geometry/Blueprints/ballMovement] ([1] browsable assets)...
[2020.12.12-02.57.27:632][136]OBJ SavePackage:     Rendered thumbnail for [Blueprint /Game/Geometry/Blueprints/ballMovement.ballMovement]
[2020.12.12-02.57.27:632][136]OBJ SavePackage: Finished generating thumbnails for package [/Game/Geometry/Blueprints/ballMovement]
[2020.12.12-02.57.27:656][136]LogSavePackage: Moving '../../../../../../Users/Isak/Documents/Unreal Projects/MyProject6/Saved/ballMovement_Auto234F7BDFC4CA5A129D5DF309F5544FC08.tmp' to '../../../../../../Users/Isak/Documents/Unreal Projects/MyProject6/Saved/Autosaves/Game/Geometry/Blueprints/ballMovement_Auto2.uasset'
[2020.12.12-02.57.27:658][136]LogFileHelpers: Auto-saving content packages took 0.040
